2025-03-10 09:56:31.344 [info] [main] Log level: Info
2025-03-10 09:56:31.344 [info] [main] Validating found git in: "git"
2025-03-10 09:56:31.344 [info] [main] Using git "2.48.1" from "git"
2025-03-10 09:56:31.344 [info] [Model][doInitialScan] Initial repository scan started
2025-03-10 09:56:31.344 [info] > git rev-parse --show-toplevel [37ms]
2025-03-10 09:56:31.344 [info] fatal: not a git repository (or any of the parent directories): .git
2025-03-10 09:56:31.345 [info] > git rev-parse --show-toplevel [6ms]
2025-03-10 09:56:31.345 [info] fatal: not a git repository (or any of the parent directories): .git
2025-03-10 09:56:31.369 [info] > git rev-parse --show-toplevel [3ms]
2025-03-10 09:56:31.369 [info] fatal: not a git repository (or any of the parent directories): .git
2025-03-10 09:56:31.533 [info] > git rev-parse --show-toplevel [144ms]
2025-03-10 09:56:31.533 [info] fatal: not a git repository (or any of the parent directories): .git
2025-03-10 09:56:31.552 [info] [Model][doInitialScan] Initial repository scan completed - repositories (0), closed repositories (0), parent repositories (0), unsafe repositories (0)
2025-03-10 09:56:31.711 [info] > git rev-parse --show-toplevel [9ms]
2025-03-10 09:56:31.711 [info] fatal: not a git repository (or any of the parent directories): .git
2025-03-10 09:56:32.283 [info] > git rev-parse --show-toplevel [6ms]
2025-03-10 09:56:32.283 [info] fatal: not a git repository (or any of the parent directories): .git
2025-03-10 09:56:33.630 [info] > git rev-parse --show-toplevel [77ms]
2025-03-10 09:56:33.630 [info] fatal: not a git repository (or any of the parent directories): .git
2025-03-10 09:56:34.133 [info] > git rev-parse --show-toplevel [4ms]
2025-03-10 09:56:34.133 [info] fatal: not a git repository (or any of the parent directories): .git
2025-03-10 09:56:34.854 [info] > git rev-parse --show-toplevel [14ms]
2025-03-10 09:56:34.854 [info] fatal: not a git repository (or any of the parent directories): .git
