2025-03-10 14:32:46.667 [info] Extension host with pid 33073 started
2025-03-10 14:32:46.669 [info] Skipping acquiring lock for /home/arnold/.config/Code/User/workspaceStorage/ea1a8c24933f80fcae9607769e51f2aa.
2025-03-10 14:32:47.160 [info] ExtensionService#_doActivateExtension vscode.github-authentication, startup: false, activationEvent: 'onAuthenticationRequest:github'
2025-03-10 14:32:47.769 [info] ExtensionService#_doActivateExtension vscode.git-base, startup: true, activationEvent: '*', root cause: vscode.git
2025-03-10 14:32:47.931 [info] ExtensionService#_doActivateExtension vscode.git, startup: true, activationEvent: '*'
2025-03-10 14:32:48.293 [info] ExtensionService#_doActivateExtension vscode.github, startup: true, activationEvent: '*'
2025-03-10 14:32:48.887 [info] Eager extensions activated
2025-03-10 14:32:49.397 [info] ExtensionService#_doActivateExtension vscode.debug-auto-launch, startup: false, activationEvent: 'onStartupFinished'
2025-03-10 14:32:49.429 [info] ExtensionService#_doActivateExtension vscode.merge-conflict, startup: false, activationEvent: 'onStartupFinished'
2025-03-10 14:32:49.579 [warning] [Decorations] CAPPING events from decorations provider vscode.git 861
2025-03-10 14:32:50.230 [warning] [Decorations] CAPPING events from decorations provider vscode.git 861
2025-03-10 14:32:50.807 [info] ExtensionService#_doActivateExtension vscode.emmet, startup: false, activationEvent: 'onLanguage'
2025-03-10 14:32:56.727 [warning] [Decorations] CAPPING events from decorations provider vscode.git 862
2025-03-10 14:33:01.835 [warning] [Decorations] CAPPING events from decorations provider vscode.git 825
2025-03-10 14:33:06.959 [warning] [Decorations] CAPPING events from decorations provider vscode.git 825
2025-03-10 14:33:12.060 [warning] [Decorations] CAPPING events from decorations provider vscode.git 825
2025-03-10 14:33:17.175 [warning] [Decorations] CAPPING events from decorations provider vscode.git 825
2025-03-10 14:33:22.264 [warning] [Decorations] CAPPING events from decorations provider vscode.git 825
2025-03-10 14:33:27.360 [warning] [Decorations] CAPPING events from decorations provider vscode.git 825
2025-03-10 14:33:32.445 [warning] [Decorations] CAPPING events from decorations provider vscode.git 825
2025-03-10 14:33:37.529 [warning] [Decorations] CAPPING events from decorations provider vscode.git 825
2025-03-10 14:33:42.602 [warning] [Decorations] CAPPING events from decorations provider vscode.git 825
2025-03-10 14:33:47.708 [warning] [Decorations] CAPPING events from decorations provider vscode.git 825
2025-03-10 14:33:52.788 [warning] [Decorations] CAPPING events from decorations provider vscode.git 825
2025-03-10 14:33:57.873 [warning] [Decorations] CAPPING events from decorations provider vscode.git 825
2025-03-10 14:34:02.965 [warning] [Decorations] CAPPING events from decorations provider vscode.git 825
2025-03-10 14:34:08.056 [warning] [Decorations] CAPPING events from decorations provider vscode.git 825
