2025-03-11 11:06:11.778 [info] Reading sessions from keychain...
2025-03-11 11:06:11.778 [info] Getting sessions for all scopes...
2025-03-11 11:06:11.778 [info] Getting sessions for all scopes...
2025-03-11 11:06:11.778 [info] Getting sessions for all scopes...
2025-03-11 11:06:11.778 [info] Getting sessions for all scopes...
2025-03-11 11:06:11.778 [info] Getting sessions for all scopes...
2025-03-11 11:06:11.778 [info] Getting sessions for all scopes...
2025-03-11 11:06:11.778 [info] Getting sessions for all scopes...
2025-03-11 11:06:13.586 [info] Got stored sessions!
2025-03-11 11:06:13.587 [info] Got 1 verified sessions.
2025-03-11 11:06:13.587 [info] Got 1 sessions for ...
2025-03-11 11:06:13.587 [info] Got 1 sessions for ...
2025-03-11 11:06:13.587 [info] Got 1 sessions for ...
2025-03-11 11:06:13.587 [info] Got 1 sessions for ...
2025-03-11 11:06:13.587 [info] Got 1 sessions for ...
2025-03-11 11:06:13.587 [info] Got 1 sessions for ...
2025-03-11 11:06:13.587 [info] Got 1 sessions for ...
2025-03-11 11:06:24.491 [info] Getting sessions for all scopes...
2025-03-11 11:06:24.495 [info] Got 1 sessions for ...
2025-03-11 11:06:28.894 [info] Getting sessions for codespace,read:user,repo,user:email...
2025-03-11 11:06:28.894 [info] Got 0 sessions for codespace,read:user,repo,user:email...
2025-03-11 11:06:29.908 [info] Getting sessions for codespace,read:user,repo,user:email...
2025-03-11 11:06:29.908 [info] Got 0 sessions for codespace,read:user,repo,user:email...
2025-03-11 11:06:43.378 [info] Getting sessions for read:user,repo,user:email,workflow...
2025-03-11 11:06:43.378 [info] Got 1 sessions for read:user,repo,user:email,workflow...
2025-03-11 11:06:44.942 [info] Getting sessions for read:user,repo,user:email,workflow...
2025-03-11 11:06:44.942 [info] Got 1 sessions for read:user,repo,user:email,workflow...
