2025-03-10 02:46:57.344 [info] Reading sessions from keychain...
2025-03-10 02:46:57.344 [info] Getting sessions for all scopes...
2025-03-10 02:46:57.344 [info] Getting sessions for all scopes...
2025-03-10 02:46:57.344 [info] Getting sessions for all scopes...
2025-03-10 02:46:57.344 [info] Getting sessions for all scopes...
2025-03-10 02:46:57.344 [info] Getting sessions for all scopes...
2025-03-10 02:46:57.344 [info] Getting sessions for all scopes...
2025-03-10 02:46:57.344 [info] Getting sessions for all scopes...
2025-03-10 02:46:57.344 [info] Got 0 sessions for ...
2025-03-10 02:46:57.345 [info] Got 0 sessions for ...
2025-03-10 02:46:57.345 [info] Got 0 sessions for ...
2025-03-10 02:46:57.345 [info] Got 0 sessions for ...
2025-03-10 02:46:57.345 [info] Got 0 sessions for ...
2025-03-10 02:46:57.345 [info] Got 0 sessions for ...
2025-03-10 02:46:57.345 [info] Got 0 sessions for ...
2025-03-10 02:46:58.309 [info] Getting sessions for all scopes...
2025-03-10 02:46:58.309 [info] Got 0 sessions for ...
2025-03-10 02:47:13.402 [info] Getting sessions for all scopes...
2025-03-10 02:47:13.402 [info] Got 0 sessions for ...
2025-03-10 02:47:19.790 [info] Getting sessions for read:user,repo,user:email,workflow...
2025-03-10 02:47:19.790 [info] Got 0 sessions for read:user,repo,user:email,workflow...
