2025-03-11 04:40:49.658 [info] [main] Log level: Info
2025-03-11 04:40:49.658 [info] [main] Validating found git in: "git"
2025-03-11 04:40:49.658 [info] [main] Using git "2.48.1" from "git"
2025-03-11 04:40:49.662 [info] [Model][doInitialScan] Initial repository scan started
2025-03-11 04:40:49.662 [info] > git rev-parse --show-toplevel [2559ms]
2025-03-11 04:40:49.662 [info] fatal: not a git repository (or any of the parent directories): .git
2025-03-11 04:40:49.662 [info] > git rev-parse --show-toplevel [654ms]
2025-03-11 04:40:49.662 [info] fatal: not a git repository (or any of the parent directories): .git
2025-03-11 04:40:49.662 [info] > git rev-parse --show-toplevel [1390ms]
2025-03-11 04:40:49.662 [info] fatal: not a git repository (or any of the parent directories): .git
2025-03-11 04:40:49.690 [info] > git rev-parse --show-toplevel [105ms]
2025-03-11 04:40:49.690 [info] fatal: not a git repository (or any of the parent directories): .git
2025-03-11 04:40:50.269 [info] > git rev-parse --show-toplevel [289ms]
2025-03-11 04:40:50.269 [info] fatal: not a git repository (or any of the parent directories): .git
2025-03-11 04:40:50.481 [info] > git rev-parse --show-toplevel [58ms]
2025-03-11 04:40:50.481 [info] fatal: not a git repository (or any of the parent directories): .git
2025-03-11 04:40:50.650 [info] > git rev-parse --show-toplevel [33ms]
2025-03-11 04:40:50.650 [info] fatal: not a git repository (or any of the parent directories): .git
2025-03-11 04:40:50.796 [info] > git rev-parse --show-toplevel [17ms]
2025-03-11 04:40:50.796 [info] fatal: not a git repository (or any of the parent directories): .git
2025-03-11 04:40:50.998 [info] > git rev-parse --show-toplevel [73ms]
2025-03-11 04:40:51.728 [info] > git rev-parse --git-dir --git-common-dir [40ms]
2025-03-11 04:40:51.822 [info] [Model][openRepository] Opened repository: /home/arnold/wd/personal_docs
2025-03-11 04:40:56.950 [info] > git rev-parse --show-toplevel [907ms]
2025-03-11 04:40:56.950 [info] fatal: not a git repository (or any of the parent directories): .git
2025-03-11 04:40:56.952 [info] > git config --get commit.template [950ms]
2025-03-11 04:40:57.129 [info] [Git][getRemotes] No remotes found in the git config file
2025-03-11 04:40:57.284 [info] > git rev-parse --show-toplevel [228ms]
2025-03-11 04:40:57.284 [info] fatal: not a git repository (or any of the parent directories): .git
2025-03-11 04:40:57.623 [info] > git for-each-ref --format=%(refname)%00%(upstream:short)%00%(objectname)%00%(upstream:track)%00%(upstream:remotename)%00%(upstream:remoteref) refs/heads/master refs/remotes/master [496ms]
2025-03-11 04:40:57.847 [info] > git status -z -uall [198ms]
2025-03-11 04:40:57.851 [info] > git for-each-ref --sort -committerdate --format %(refname) %(objectname) %(*objectname) [141ms]
2025-03-11 04:40:57.942 [info] > git rev-parse --show-toplevel [366ms]
2025-03-11 04:40:57.942 [info] fatal: not a git repository (or any of the parent directories): .git
2025-03-11 04:40:58.038 [info] > git for-each-ref --format=%(refname)%00%(upstream:short)%00%(objectname)%00%(upstream:track)%00%(upstream:remotename)%00%(upstream:remoteref) refs/heads/master refs/remotes/master [124ms]
2025-03-11 04:40:58.162 [info] > git config --get --local branch.master.vscode-merge-base [103ms]
2025-03-11 04:40:58.163 [warning] [Git][config] git config failed: Failed to execute git
2025-03-11 04:40:58.184 [info] > git rev-parse --show-toplevel [151ms]
2025-03-11 04:40:58.188 [info] > git config --get commit.template [182ms]
2025-03-11 04:40:58.327 [info] [Git][getRemotes] No remotes found in the git config file
2025-03-11 04:40:58.342 [info] > git rev-parse --git-dir --git-common-dir [47ms]
2025-03-11 04:40:58.390 [info] [Model][openRepository] Opened repository: /home/arnold/wd/work
2025-03-11 04:40:58.407 [info] [Model][doInitialScan] Initial repository scan completed - repositories (2), closed repositories (0), parent repositories (0), unsafe repositories (0)
2025-03-11 04:40:58.408 [info] > git reflog master --grep-reflog=branch: Created from *. [225ms]
2025-03-11 04:40:58.533 [info] > git for-each-ref --format=%(refname)%00%(upstream:short)%00%(objectname)%00%(upstream:track)%00%(upstream:remotename)%00%(upstream:remoteref) refs/heads/master refs/remotes/master [207ms]
2025-03-11 04:40:58.667 [info] > git for-each-ref --sort -committerdate --format %(refname) %(objectname) %(*objectname) [40ms]
2025-03-11 04:40:58.672 [info] > git rev-parse --show-toplevel [143ms]
2025-03-11 04:40:58.674 [info] fatal: not a git repository (or any of the parent directories): .git
2025-03-11 04:40:58.680 [info] > git config --get commit.template [220ms]
2025-03-11 04:40:58.698 [info] > git status -z -uall [128ms]
2025-03-11 04:40:58.813 [info] > git for-each-ref --format=%(refname)%00%(upstream:short)%00%(objectname)%00%(upstream:track)%00%(upstream:remotename)%00%(upstream:remoteref) refs/heads/master refs/remotes/master [79ms]
2025-03-11 04:40:58.847 [warning] [Git][revParse] Unable to read file: ENOENT: no such file or directory, open '/home/arnold/wd/work/.git/refs/remotes/origin/master'
2025-03-11 04:40:58.852 [info] > git rev-parse refs/remotes/origin/master [5ms]
2025-03-11 04:40:58.917 [info] > git status -z -uall [38ms]
2025-03-11 04:40:58.929 [info] > git for-each-ref --sort -committerdate --format %(refname) %(objectname) %(*objectname) [15ms]
2025-03-11 04:40:59.036 [info] > git for-each-ref --format=%(refname)%00%(upstream:short)%00%(objectname)%00%(upstream:track)%00%(upstream:remotename)%00%(upstream:remoteref) refs/heads/master refs/remotes/master [56ms]
2025-03-11 04:41:02.372 [info] > git config --get --local branch.master.vscode-merge-base [3309ms]
2025-03-11 04:41:02.395 [info] > git config --get commit.template [3370ms]
2025-03-11 04:41:02.529 [info] > git for-each-ref --format=%(refname)%00%(upstream:short)%00%(objectname)%00%(upstream:track)%00%(upstream:remotename)%00%(upstream:remoteref) refs/heads/origin/master refs/remotes/origin/master [135ms]
2025-03-11 04:41:02.652 [info] > git merge-base refs/heads/master refs/remotes/origin/master [104ms]
2025-03-11 04:41:02.936 [info] > git diff --name-status -z --diff-filter=ADMR 0f16a147375bdda83a03a704ea7b9e187484ac41...refs/remotes/origin/master [236ms]
2025-03-11 04:41:02.938 [info] > git for-each-ref --format=%(refname)%00%(upstream:short)%00%(objectname)%00%(upstream:track)%00%(upstream:remotename)%00%(upstream:remoteref) refs/heads/master refs/remotes/master [293ms]
2025-03-11 04:41:02.990 [warning] [Git][revParse] Unable to read file: ENOENT: no such file or directory, open '/home/arnold/wd/work/.git/refs/remotes/origin/master'
2025-03-11 04:41:03.079 [info] > git rev-parse refs/remotes/origin/master [88ms]
2025-03-11 04:41:03.954 [info] > git status -z -uall [772ms]
2025-03-11 04:41:03.957 [info] > git for-each-ref --sort -committerdate --format %(refname) %(objectname) %(*objectname) [710ms]
