2025-03-12 13:14:36.396 [info] Reading sessions from keychain...
2025-03-12 13:14:36.396 [info] Getting sessions for all scopes...
2025-03-12 13:14:36.396 [info] Getting sessions for all scopes...
2025-03-12 13:14:36.396 [info] Getting sessions for all scopes...
2025-03-12 13:14:36.396 [info] Got stored sessions!
2025-03-12 13:14:36.396 [info] Got 1 verified sessions.
2025-03-12 13:14:36.396 [info] Got 1 sessions for ...
2025-03-12 13:14:36.396 [info] Got 1 sessions for ...
2025-03-12 13:14:36.396 [info] Got 1 sessions for ...
2025-03-12 13:14:36.396 [info] Getting sessions for all scopes...
2025-03-12 13:14:36.396 [info] Got 1 sessions for ...
2025-03-12 13:14:36.396 [info] Getting sessions for all scopes...
2025-03-12 13:14:36.396 [info] Got 1 sessions for ...
2025-03-12 13:14:36.396 [info] Getting sessions for all scopes...
2025-03-12 13:14:36.396 [info] Got 1 sessions for ...
2025-03-12 13:14:36.396 [info] Getting sessions for all scopes...
2025-03-12 13:14:36.396 [info] Got 1 sessions for ...
2025-03-12 13:14:36.396 [info] Getting sessions for all scopes...
2025-03-12 13:14:36.396 [info] Got 1 sessions for ...
2025-03-12 13:14:39.663 [info] Getting sessions for all scopes...
2025-03-12 13:14:39.665 [info] Got 1 sessions for ...
2025-03-12 13:14:59.424 [info] Getting sessions for codespace,read:user,repo,user:email...
2025-03-12 13:14:59.424 [info] Got 0 sessions for codespace,read:user,repo,user:email...
2025-03-12 13:14:59.886 [info] Getting sessions for codespace,read:user,repo,user:email...
2025-03-12 13:14:59.886 [info] Got 0 sessions for codespace,read:user,repo,user:email...
2025-03-12 13:15:07.302 [info] Getting sessions for read:user,repo,user:email,workflow...
2025-03-12 13:15:07.302 [info] Got 1 sessions for read:user,repo,user:email,workflow...
2025-03-12 13:15:09.861 [info] Getting sessions for read:user,repo,user:email,workflow...
2025-03-12 13:15:09.861 [info] Got 1 sessions for read:user,repo,user:email,workflow...
2025-03-12 13:17:45.834 [info] Getting sessions for read:user,repo,user:email,workflow...
2025-03-12 13:17:45.835 [info] Got 1 sessions for read:user,repo,user:email,workflow...
