2025-03-11 04:52:24.679 [info] Extension host with pid 69983 started
2025-03-11 04:52:24.679 [info] Skipping acquiring lock for /home/arnold/.config/Code/User/workspaceStorage/83eb79267c3ed79721ec5476be82802d.
2025-03-11 04:52:25.331 [info] ExtensionService#_doActivateExtension vscode.github-authentication, startup: false, activationEvent: 'onAuthenticationRequest:github'
2025-03-11 04:52:25.583 [info] ExtensionService#_doActivateExtension vscode.ipynb, startup: false, activationEvent: 'onNotebookSerializer:jupyter-notebook'
2025-03-11 04:52:25.714 [info] ExtensionService#_doActivateExtension quarto.quarto, startup: false, activationEvent: 'onLanguage:quarto'
2025-03-11 04:52:28.335 [info] ExtensionService#_doActivateExtension vscode.emmet, startup: false, activationEvent: 'onLanguage'
2025-03-11 04:52:28.747 [info] ExtensionService#_doActivateExtension vscode.git-base, startup: true, activationEvent: '*', root cause: vscode.git
2025-03-11 04:52:28.768 [info] ExtensionService#_doActivateExtension ms-python.python, startup: false, activationEvent: 'api', root cause: quarto.quarto
2025-03-11 04:52:30.790 [info] ExtensionService#_doActivateExtension vscode.git, startup: true, activationEvent: '*'
2025-03-11 04:52:31.351 [info] ExtensionService#_doActivateExtension vscode.github, startup: true, activationEvent: '*'
2025-03-11 04:52:31.654 [info] ExtensionService#_doActivateExtension GitHub.codespaces, startup: false, activationEvent: 'onNotebook:jupyter-notebook'
2025-03-11 04:52:34.145 [info] ExtensionService#_doActivateExtension ms-toolsai.jupyter, startup: false, activationEvent: 'onNotebook:jupyter-notebook'
2025-03-11 04:52:34.156 [info] ExtensionService#_doActivateExtension ms-toolsai.vscode-jupyter-cell-tags, startup: false, activationEvent: 'onNotebook:jupyter-notebook'
2025-03-11 04:52:34.170 [info] ExtensionService#_doActivateExtension ms-toolsai.vscode-jupyter-slideshow, startup: false, activationEvent: 'onNotebook:jupyter-notebook'
2025-03-11 04:52:34.619 [info] ExtensionService#_doActivateExtension REditorSupport.r, startup: true, activationEvent: 'workspaceContains:**/*.{rproj,Rproj,r,R,rd,Rd,rmd,Rmd}'
2025-03-11 04:52:38.796 [info] Eager extensions activated
2025-03-11 04:52:40.559 [info] ExtensionService#_doActivateExtension ms-toolsai.jupyter-renderers, startup: false, activationEvent: 'api', root cause: ms-toolsai.jupyter
2025-03-11 04:52:40.884 [info] ExtensionService#_doActivateExtension ms-python.vscode-pylance, startup: false, activationEvent: 'api', root cause: ms-python.python
2025-03-11 04:52:44.033 [info] ExtensionService#_doActivateExtension vscode.debug-auto-launch, startup: false, activationEvent: 'onStartupFinished'
2025-03-11 04:52:44.052 [info] ExtensionService#_doActivateExtension vscode.merge-conflict, startup: false, activationEvent: 'onStartupFinished'
2025-03-11 04:52:45.753 [info] ExtensionService#_doActivateExtension ms-python.debugpy, startup: false, activationEvent: 'onLanguage:python'
2025-03-11 04:59:33.773 [info] ExtensionService#_doActivateExtension vscode.extension-editing, startup: false, activationEvent: 'onLanguage:markdown'
2025-03-11 04:59:33.858 [info] ExtensionService#_doActivateExtension vscode.markdown-language-features, startup: false, activationEvent: 'onLanguage:markdown'
2025-03-11 05:05:20.322 [info] ExtensionService#_doActivateExtension vscode.npm, startup: false, activationEvent: 'onTerminalQuickFixRequest:ms-vscode.npm-command'
2025-03-11 05:05:27.093 [info] ExtensionService#_doActivateExtension vscode.configuration-editing, startup: false, activationEvent: 'onLanguage:json'
2025-03-11 05:05:27.111 [info] ExtensionService#_doActivateExtension vscode.json-language-features, startup: false, activationEvent: 'onLanguage:json'
2025-03-11 05:20:36.976 [error] Error: ENOENT: no such file or directory, open '/tmp/RtmphAfQnN/vscode-R/workspace.lock'
2025-03-11 05:20:36.979 [error] Error: ENOENT: no such file or directory, open '/tmp/RtmphAfQnN/vscode-R/workspace.lock'
2025-03-11 05:20:36.981 [error] Error: ENOENT: no such file or directory, open '/tmp/RtmphAfQnN/vscode-R/workspace.lock'
2025-03-11 05:23:10.013 [warning] Illegal argument: TextEditor(vs.editor.ICodeEditor:1,$model1)
2025-03-11 05:23:10.414 [warning] Illegal argument: TextEditor(vs.editor.ICodeEditor:1,$model1)
2025-03-11 05:23:10.438 [warning] Illegal argument: TextEditor(vs.editor.ICodeEditor:1,$model1)
