2025-03-12 13:14:59.512 [info] Starting Python Locator /home/arnold/.vscode/extensions/ms-python.python-2025.2.0-linux-x64/python-env-tools/bin/pet server
2025-03-12 13:15:02.205 [info] Discovered env: /home/arnold/.virtualenvs/virt1/bin/python
2025-03-12 13:15:07.286 [info] Discovered env: /bin/python
2025-03-12 13:15:07.640 [info] Discovered env: /bin/python3
2025-03-12 13:15:07.669 [info] Discovered env: /bin/python3.13
2025-03-12 13:15:07.682 [info] Discovered env: /usr/bin/python
2025-03-12 13:15:07.692 [info] Discovered env: /usr/bin/python3
2025-03-12 13:15:07.697 [info] Discovered env: /usr/bin/python3.13
2025-03-12 13:15:07.701 [info] Env ("/sbin/python") in Path resolved as ResolvedPythonEnv { executable: "/sbin/python", prefix: "/usr", version: "3.13.2.final.0", is64_bit: true, symlinks: Some(["/sbin/python"]) } and reported as Some(GlobalPaths)
2025-03-12 13:15:07.702 [info] Discovered env: /sbin/python
2025-03-12 13:15:07.723 [info] Env ("/usr/sbin/python") in Path resolved as ResolvedPythonEnv { executable: "/usr/sbin/python", prefix: "/usr", version: "3.13.2.final.0", is64_bit: true, symlinks: Some(["/usr/sbin/python"]) } and reported as Some(GlobalPaths)
2025-03-12 13:15:07.726 [info] Discovered env: /usr/sbin/python
2025-03-12 13:15:07.766 [info] Env ("/sbin/python3") in Path resolved as ResolvedPythonEnv { executable: "/sbin/python3", prefix: "/usr", version: "3.13.2.final.0", is64_bit: true, symlinks: Some(["/sbin/python3"]) } and reported as Some(GlobalPaths)
2025-03-12 13:15:07.785 [info] Discovered env: /sbin/python3
2025-03-12 13:15:07.832 [info] Env ("/usr/sbin/python3") in Path resolved as ResolvedPythonEnv { executable: "/usr/sbin/python3", prefix: "/usr", version: "3.13.2.final.0", is64_bit: true, symlinks: Some(["/usr/sbin/python3"]) } and reported as Some(GlobalPaths)
2025-03-12 13:15:07.834 [info] Discovered env: /usr/sbin/python3
2025-03-12 13:15:08.050 [info] Env ("/sbin/python3.13") in Path resolved as ResolvedPythonEnv { executable: "/sbin/python3.13", prefix: "/usr", version: "3.13.2.final.0", is64_bit: true, symlinks: Some(["/sbin/python3.13"]) } and reported as Some(GlobalPaths)
2025-03-12 13:15:08.055 [info] Discovered env: /sbin/python3.13
2025-03-12 13:15:08.078 [info] Env ("/usr/sbin/python3.13") in Path resolved as ResolvedPythonEnv { executable: "/usr/sbin/python3.13", prefix: "/usr", version: "3.13.2.final.0", is64_bit: true, symlinks: Some(["/usr/sbin/python3.13"]) } and reported as Some(GlobalPaths)
2025-03-12 13:15:08.085 [info] Discovered env: /usr/sbin/python3.13
2025-03-12 13:15:08.093 [info] Locator Conda took 2.099424026s
2025-03-12 13:15:08.095 [info] Locator Homebrew took 137.308µs
2025-03-12 13:15:08.101 [info] Locator LinuxGlobal took 1.869607232s
2025-03-12 13:15:08.101 [info] Locator PipEnv took 37.155µs
2025-03-12 13:15:08.101 [info] Locator Pixi took 23.397µs
2025-03-12 13:15:08.102 [info] Locator Poetry took 15.334911ms
2025-03-12 13:15:08.102 [info] Locator PyEnv took 30.401702ms
2025-03-12 13:15:08.102 [info] Locator Venv took 354.235µs
2025-03-12 13:15:08.102 [info] Locator VirtualEnv took 23.048µs
2025-03-12 13:15:08.102 [info] Locator VirtualEnvWrapper took 307.302µs
2025-03-12 13:15:08.102 [info] Locator GlobalVirtualEnvs took 742.916401ms
2025-03-12 13:15:08.102 [info] Locator Locators took 2.106083043s
2025-03-12 13:15:08.103 [info] Locator Path took 2.601205712s
2025-03-12 13:15:08.103 [info] Locator Workspaces took 41.410014ms
2025-03-12 13:15:08.103 [info] Refresh completed in 2604ms
2025-03-12 13:15:08.112 [info] Env ("/sbin/python") in Path resolved as ResolvedPythonEnv { executable: "/sbin/python", prefix: "/usr", version: "3.13.2.final.0", is64_bit: true, symlinks: Some(["/sbin/python"]) } and reported as Some(GlobalPaths)
2025-03-12 13:15:08.112 [info] Resolved Python Environment /sbin/python
2025-03-12 13:15:08.473 [info] Resolved Python Environment /home/arnold/.virtualenvs/virt1/bin/python
2025-03-12 13:15:08.712 [info] Resolved /bin/python
2025-03-12 13:15:08.745 [info] Resolved /bin/python3
2025-03-12 13:15:08.756 [info] Resolved /bin/python3.13
2025-03-12 13:15:08.778 [info] Resolved /usr/bin/python
2025-03-12 13:15:08.817 [info] Resolved /usr/bin/python3.13
2025-03-12 13:15:08.844 [info] Resolved /usr/bin/python3
2025-03-12 13:15:24.633 [info] Env ("/sbin/python") in Path resolved as ResolvedPythonEnv { executable: "/sbin/python", prefix: "/usr", version: "3.13.2.final.0", is64_bit: true, symlinks: Some(["/sbin/python"]) } and reported as Some(GlobalPaths)
2025-03-12 13:15:24.648 [info] Resolved Python Environment /sbin/python
2025-03-12 13:17:44.624 [info] Env ("/sbin/python") in Path resolved as ResolvedPythonEnv { executable: "/sbin/python", prefix: "/usr", version: "3.13.2.final.0", is64_bit: true, symlinks: Some(["/sbin/python"]) } and reported as Some(GlobalPaths)
2025-03-12 13:17:44.636 [info] Resolved Python Environment /sbin/python
2025-03-12 13:19:59.763 [info] Env ("/sbin/python") in Path resolved as ResolvedPythonEnv { executable: "/sbin/python", prefix: "/usr", version: "3.13.2.final.0", is64_bit: true, symlinks: Some(["/sbin/python"]) } and reported as Some(GlobalPaths)
2025-03-12 13:19:59.780 [info] Resolved Python Environment /sbin/python
