2025-03-10 02:46:56.684 [info] Extension host with pid 58552 started
2025-03-10 02:46:56.684 [info] Skipping acquiring lock for /home/arnold/.config/Code/User/workspaceStorage/83eb79267c3ed79721ec5476be82802d.
2025-03-10 02:46:56.830 [info] ExtensionService#_doActivateExtension vscode.github-authentication, startup: false, activationEvent: 'onAuthenticationRequest:github'
2025-03-10 02:46:56.975 [info] ExtensionService#_doActivateExtension vscode.ipynb, startup: false, activationEvent: 'onNotebookSerializer:jupyter-notebook'
2025-03-10 02:46:57.468 [info] ExtensionService#_doActivateExtension vscode.git-base, startup: true, activationEvent: '*', root cause: vscode.git
2025-03-10 02:46:57.636 [info] ExtensionService#_doActivateExtension vscode.git, startup: true, activationEvent: '*'
2025-03-10 02:46:58.088 [info] ExtensionService#_doActivateExtension vscode.github, startup: true, activationEvent: '*'
2025-03-10 02:46:59.505 [info] ExtensionService#_doActivateExtension ms-toolsai.jupyter, startup: false, activationEvent: 'onNotebook:jupyter-notebook'
2025-03-10 02:46:59.562 [info] ExtensionService#_doActivateExtension ms-toolsai.vscode-jupyter-cell-tags, startup: false, activationEvent: 'onNotebook:jupyter-notebook'
2025-03-10 02:46:59.597 [info] ExtensionService#_doActivateExtension ms-toolsai.vscode-jupyter-slideshow, startup: false, activationEvent: 'onNotebook:jupyter-notebook'
2025-03-10 02:47:00.055 [info] ExtensionService#_doActivateExtension REditorSupport.r, startup: true, activationEvent: 'workspaceContains:**/*.{rproj,Rproj,r,R,rd,Rd,rmd,Rmd}'
2025-03-10 02:47:01.530 [info] ExtensionService#_doActivateExtension quarto.quarto, startup: true, activationEvent: 'workspaceContains:**/*.{qmd,rmd},**/_quarto.{yml,yaml},**/_brand.{yml,yaml},**/_extension.{yml,yaml}'
2025-03-10 02:47:06.137 [info] ExtensionService#_doActivateExtension vscode.emmet, startup: false, activationEvent: 'onLanguage'
2025-03-10 02:47:07.202 [info] ExtensionService#_doActivateExtension ms-python.python, startup: false, activationEvent: 'api', root cause: ms-toolsai.jupyter
2025-03-10 02:47:09.079 [info] ExtensionService#_doActivateExtension ms-toolsai.jupyter-renderers, startup: false, activationEvent: 'api', root cause: ms-toolsai.jupyter
2025-03-10 02:47:11.621 [info] ExtensionService#_doActivateExtension vscode.debug-auto-launch, startup: false, activationEvent: 'onStartupFinished'
2025-03-10 02:47:11.654 [info] ExtensionService#_doActivateExtension vscode.merge-conflict, startup: false, activationEvent: 'onStartupFinished'
2025-03-10 02:47:14.550 [info] Eager extensions activated
2025-03-10 02:47:15.313 [info] ExtensionService#_doActivateExtension ms-python.debugpy, startup: false, activationEvent: 'onLanguage:python'
2025-03-10 02:47:15.576 [info] ExtensionService#_doActivateExtension ms-python.vscode-pylance, startup: false, activationEvent: 'onLanguage:python'
