2025-03-11 04:41:05.942 [info] (Client) Pylance async client (2025.3.1) started with python extension (2025.2.0)
2025-03-11 04:41:09.861 [info] [Info  - 4:41:09 AM] (67233) Server root directory: file:///home/arnold/.vscode/extensions/ms-python.vscode-pylance-2025.3.1/dist
2025-03-11 04:41:09.866 [info] [Info  - 4:41:09 AM] (67233) Pylance language server 2025.3.1 (pyright version 1.1.396, commit 3e2236a7) starting
2025-03-11 04:41:09.869 [info] [Info  - 4:41:09 AM] (67233) Starting service instance "wd"
2025-03-11 04:41:10.427 [info] [Info  - 4:41:10 AM] (67233) Setting environmentName for service "wd": "3.13.2 (global)"
2025-03-11 04:41:10.428 [info] [Info  - 4:41:10 AM] (67233) Setting pythonPath for service "wd": "/usr/sbin/python"
2025-03-11 04:41:10.429 [info] [Info  - 4:41:10 AM] (67233) No include entries specified; assuming /home/arnold/wd
2025-03-11 04:41:10.432 [info] [Info  - 4:41:10 AM] (67233) Auto-excluding **/node_modules
2025-03-11 04:41:10.433 [info] [Info  - 4:41:10 AM] (67233) Auto-excluding **/__pycache__
2025-03-11 04:41:10.433 [info] [Info  - 4:41:10 AM] (67233) Auto-excluding **/.*
2025-03-11 04:41:10.622 [info] [Info  - 4:41:10 AM] (67233) Assuming Python version 3.13.2.final.0
2025-03-11 04:41:17.103 [info] [Info  - 4:41:17 AM] (67233) Found 149 source files
2025-03-11 04:41:17.175 [info] [Info  - 4:41:17 AM] (67233) Starting service instance "wd"
2025-03-11 04:41:17.242 [info] [Info  - 4:41:17 AM] (67233) Background analysis(1) root directory: file:///home/arnold/.vscode/extensions/ms-python.vscode-pylance-2025.3.1/dist
2025-03-11 04:41:17.249 [info] [Info  - 4:41:17 AM] (67233) Background analysis(1) started
2025-03-11 04:41:17.560 [info] [Info  - 4:41:17 AM] (67233) Setting environmentName for service "wd": "3.13.2 (global)"
2025-03-11 04:41:17.560 [info] [Info  - 4:41:17 AM] (67233) Setting pythonPath for service "wd": "/home/arnold/.virtualenvs/virt1/bin/python"
2025-03-11 04:41:17.562 [info] [Info  - 4:41:17 AM] (67233) No include entries specified; assuming /home/arnold/wd
2025-03-11 04:41:17.562 [info] [Info  - 4:41:17 AM] (67233) Auto-excluding **/node_modules
2025-03-11 04:41:17.562 [info] [Info  - 4:41:17 AM] (67233) Auto-excluding **/__pycache__
2025-03-11 04:41:17.562 [info] [Info  - 4:41:17 AM] (67233) Auto-excluding **/.*
2025-03-11 04:41:17.730 [info] [Info  - 4:41:17 AM] (67233) Assuming Python version 3.13.2.final.0
2025-03-11 04:41:26.980 [info] [Info  - 4:41:26 AM] (67233) Found 149 source files
2025-03-11 04:41:30.099 [info] [Info  - 4:41:30 AM] (67233) Background analysis(2) root directory: file:///home/arnold/.vscode/extensions/ms-python.vscode-pylance-2025.3.1/dist
2025-03-11 04:41:30.102 [info] [Info  - 4:41:30 AM] (67233) Background analysis(2) started
2025-03-11 04:41:33.279 [info] [Info  - 4:41:33 AM] (67233) Indexer background runner(3) root directory: file:///home/arnold/.vscode/extensions/ms-python.vscode-pylance-2025.3.1/dist (index)
2025-03-11 04:41:33.279 [info] [Info  - 4:41:33 AM] (67233) Indexing(3) started
2025-03-11 04:41:33.595 [info] [Info  - 4:41:33 AM] (67233) [BG(2)] Long operation: SemanticTokens full at file:///home/arnold/wd/programming/python/ArnoldLearnPython/practice_ground.ipynb.py#X12sZmlsZQ%3D%3D (3559ms)
2025-03-11 04:41:38.317 [info] [Info  - 4:41:38 AM] (67233) [BG(2)] Long operation: checking: file:///home/arnold/wd/programming/python/ArnoldLearnPython/practice_ground.ipynb.py#Y122sZmlsZQ%3D%3D (4193ms)
2025-03-11 04:41:38.318 [info] [Info  - 4:41:38 AM] (67233) [BG(2)] Long operation: analyzing: file:///home/arnold/wd/programming/python/ArnoldLearnPython/practice_ground.ipynb.py#Y122sZmlsZQ%3D%3D (4196ms)
2025-03-11 04:41:42.181 [info] [Info  - 4:41:42 AM] (67233) [BG(2)] Long operation: analyzing: file:///home/arnold/wd/programming/python/ArnoldLearnPython/practice_ground.ipynb.py#pylancePrefixCell (8378ms)
2025-03-11 04:41:42.431 [info] [Info  - 4:41:42 AM] (67233) [IDX(3)] Long operation: scan packages file:///home/arnold/wd (8684ms)
2025-03-11 04:41:42.437 [info] [Info  - 4:41:42 AM] (67233) scanned(3) 249 files over 1 exec env
