2025-03-11 04:40:57.192 [info] Starting Python Locator /home/arnold/.vscode/extensions/ms-python.python-2025.2.0-linux-x64/python-env-tools/bin/pet server
2025-03-11 04:40:58.920 [info] Discovered env: /usr/bin/python
2025-03-11 04:40:58.921 [info] Discovered env: /usr/bin/python3
2025-03-11 04:40:58.922 [info] Discovered env: /usr/bin/python3.13
2025-03-11 04:40:58.928 [info] Discovered env: /bin/python
2025-03-11 04:41:02.529 [info] Discovered env: /bin/python3
2025-03-11 04:41:02.993 [info] Discovered env: /home/arnold/.virtualenvs/virt1/bin/python
2025-03-11 04:41:04.108 [info] Discovered env: /bin/python3.13
2025-03-11 04:41:04.355 [info] Env ("/sbin/python") in Path resolved as ResolvedPythonEnv { executable: "/sbin/python", prefix: "/usr", version: "3.13.2.final.0", is64_bit: true, symlinks: Some(["/sbin/python"]) } and reported as Some(GlobalPaths)
2025-03-11 04:41:04.356 [info] Discovered env: /sbin/python
2025-03-11 04:41:04.408 [info] Env ("/usr/sbin/python") in Path resolved as ResolvedPythonEnv { executable: "/usr/sbin/python", prefix: "/usr", version: "3.13.2.final.0", is64_bit: true, symlinks: Some(["/usr/sbin/python"]) } and reported as Some(GlobalPaths)
2025-03-11 04:41:04.408 [info] Discovered env: /usr/sbin/python
2025-03-11 04:41:04.435 [info] Env ("/sbin/python3") in Path resolved as ResolvedPythonEnv { executable: "/sbin/python3", prefix: "/usr", version: "3.13.2.final.0", is64_bit: true, symlinks: Some(["/sbin/python3"]) } and reported as Some(GlobalPaths)
2025-03-11 04:41:04.436 [info] Discovered env: /sbin/python3
2025-03-11 04:41:04.459 [info] Env ("/usr/sbin/python3") in Path resolved as ResolvedPythonEnv { executable: "/usr/sbin/python3", prefix: "/usr", version: "3.13.2.final.0", is64_bit: true, symlinks: Some(["/usr/sbin/python3"]) } and reported as Some(GlobalPaths)
2025-03-11 04:41:04.459 [info] Discovered env: /usr/sbin/python3
2025-03-11 04:41:04.479 [info] Env ("/usr/sbin/python3.13") in Path resolved as ResolvedPythonEnv { executable: "/usr/sbin/python3.13", prefix: "/usr", version: "3.13.2.final.0", is64_bit: true, symlinks: Some(["/usr/sbin/python3.13"]) } and reported as Some(GlobalPaths)
2025-03-11 04:41:04.481 [info] Discovered env: /usr/sbin/python3.13
2025-03-11 04:41:04.506 [info] Env ("/sbin/python3.13") in Path resolved as ResolvedPythonEnv { executable: "/sbin/python3.13", prefix: "/usr", version: "3.13.2.final.0", is64_bit: true, symlinks: Some(["/sbin/python3.13"]) } and reported as Some(GlobalPaths)
2025-03-11 04:41:04.512 [info] Discovered env: /sbin/python3.13
2025-03-11 04:41:04.557 [info] Locator Conda took 807.380673ms
2025-03-11 04:41:04.558 [info] Locator Homebrew took 67.048µs
2025-03-11 04:41:04.559 [info] Locator LinuxGlobal took 373.65429ms
2025-03-11 04:41:04.561 [info] Locator PipEnv took 23.187µs
2025-03-11 04:41:04.562 [info] Locator Pixi took 21.93µs
2025-03-11 04:41:04.564 [info] Locator Poetry took 2.587201ms
2025-03-11 04:41:04.564 [info] Locator PyEnv took 167.55µs
2025-03-11 04:41:04.564 [info] Locator Venv took 29.823µs
2025-03-11 04:41:04.564 [info] Locator VirtualEnv took 32.686µs
2025-03-11 04:41:04.564 [info] Locator VirtualEnvWrapper took 22µs
2025-03-11 04:41:04.565 [info] Locator GlobalVirtualEnvs took 354.526717ms
2025-03-11 04:41:04.572 [info] Locator Locators took 824.925432ms
2025-03-11 04:41:04.573 [info] Locator Path took 695.711794ms
2025-03-11 04:41:04.573 [info] Locator Workspaces took 19.97775ms
2025-03-11 04:41:04.579 [info] Refresh completed in 827ms
2025-03-11 04:41:04.581 [info] Env ("/usr/sbin/python") in Path resolved as ResolvedPythonEnv { executable: "/usr/sbin/python", prefix: "/usr", version: "3.13.2.final.0", is64_bit: true, symlinks: Some(["/usr/sbin/python"]) } and reported as Some(GlobalPaths)
2025-03-11 04:41:04.583 [info] Resolved Python Environment /usr/sbin/python
2025-03-11 04:41:04.959 [info] Resolved /usr/bin/python3
2025-03-11 04:41:04.985 [info] Resolved /usr/bin/python
2025-03-11 04:41:05.023 [info] Resolved /usr/bin/python3.13
2025-03-11 04:41:05.088 [info] Resolved /bin/python
2025-03-11 04:41:05.138 [info] Resolved /bin/python3
2025-03-11 04:41:05.172 [info] Resolved Python Environment /home/arnold/.virtualenvs/virt1/bin/python
2025-03-11 04:41:05.202 [info] Resolved /bin/python3.13
