2025-03-12 15:52:37.003 [info] Reading sessions from keychain...
2025-03-12 15:52:37.003 [info] Getting sessions for all scopes...
2025-03-12 15:52:37.004 [info] Getting sessions for all scopes...
2025-03-12 15:52:37.004 [info] Getting sessions for all scopes...
2025-03-12 15:52:37.004 [info] Getting sessions for all scopes...
2025-03-12 15:52:37.004 [info] Getting sessions for all scopes...
2025-03-12 15:52:37.004 [info] Getting sessions for all scopes...
2025-03-12 15:52:37.004 [info] Getting sessions for all scopes...
2025-03-12 15:52:37.173 [info] Got stored sessions!
2025-03-12 15:52:37.174 [info] Got 1 verified sessions.
2025-03-12 15:52:37.174 [info] Got 1 sessions for ...
2025-03-12 15:52:37.174 [info] Got 1 sessions for ...
2025-03-12 15:52:37.174 [info] Got 1 sessions for ...
2025-03-12 15:52:37.174 [info] Got 1 sessions for ...
2025-03-12 15:52:37.174 [info] Got 1 sessions for ...
2025-03-12 15:52:37.174 [info] Got 1 sessions for ...
2025-03-12 15:52:37.174 [info] Got 1 sessions for ...
2025-03-12 15:52:37.790 [info] Getting sessions for all scopes...
2025-03-12 15:52:37.790 [info] Got 1 sessions for ...
2025-03-12 15:52:44.181 [info] Getting sessions for read:user,repo,user:email,workflow...
2025-03-12 15:52:44.181 [info] Got 1 sessions for read:user,repo,user:email,workflow...
2025-03-12 15:52:46.186 [info] Getting sessions for all scopes...
2025-03-12 15:52:46.186 [info] Got 1 sessions for ...
2025-03-12 15:52:47.870 [info] Getting sessions for read:user,repo,user:email,workflow...
2025-03-12 15:52:47.871 [info] Got 1 sessions for read:user,repo,user:email,workflow...
2025-03-12 15:52:49.653 [info] Getting sessions for read:user,repo,user:email,workflow...
2025-03-12 15:52:49.653 [info] Got 1 sessions for read:user,repo,user:email,workflow...
2025-03-12 15:52:50.221 [info] Getting sessions for read:user,repo,user:email,workflow...
2025-03-12 15:52:50.222 [info] Got 1 sessions for read:user,repo,user:email,workflow...
2025-03-12 15:52:51.013 [info] Getting sessions for read:user,repo,user:email,workflow...
2025-03-12 15:52:51.013 [info] Got 1 sessions for read:user,repo,user:email,workflow...
