2025-03-12 15:52:41.237 [info] [main] Log level: Info
2025-03-12 15:52:41.237 [info] [main] Validating found git in: "git"
2025-03-12 15:52:41.237 [info] [main] Using git "2.48.1" from "git"
2025-03-12 15:52:41.237 [info] [Model][doInitialScan] Initial repository scan started
2025-03-12 15:52:41.237 [info] > git rev-parse --show-toplevel [37ms]
2025-03-12 15:52:41.237 [info] > git rev-parse --git-dir --git-common-dir [913ms]
2025-03-12 15:52:41.237 [info] [Model][openRepository] Opened repository: /home/arnold/.config
2025-03-12 15:52:41.250 [info] > git config --get commit.template [54ms]
2025-03-12 15:52:41.457 [info] > git for-each-ref --format=%(refname)%00%(upstream:short)%00%(objectname)%00%(upstream:track)%00%(upstream:remotename)%00%(upstream:remoteref) refs/heads/master refs/remotes/master [126ms]
2025-03-12 15:52:42.033 [info] > git status -z -uall [469ms]
2025-03-12 15:52:42.042 [info] > git for-each-ref --sort -committerdate --format %(refname) %(objectname) %(*objectname) [380ms]
2025-03-12 15:52:42.414 [info] > git for-each-ref --format=%(refname)%00%(upstream:short)%00%(objectname)%00%(upstream:track)%00%(upstream:remotename)%00%(upstream:remoteref) refs/heads/master refs/remotes/master [188ms]
2025-03-12 15:52:42.515 [info] > git config --get --local branch.master.vscode-merge-base [49ms]
2025-03-12 15:52:42.518 [warning] [Git][config] git config failed: Failed to execute git
2025-03-12 15:52:42.559 [info] > git config --get commit.template [159ms]
2025-03-12 15:52:43.031 [info] > git reflog master --grep-reflog=branch: Created from *. [470ms]
2025-03-12 15:52:43.257 [info] > git symbolic-ref --short refs/remotes/origin/HEAD [182ms]
2025-03-12 15:52:43.330 [info] > git for-each-ref --format=%(refname)%00%(upstream:short)%00%(objectname)%00%(upstream:track)%00%(upstream:remotename)%00%(upstream:remoteref) refs/heads/origin/master refs/remotes/origin/master [53ms]
2025-03-12 15:52:43.344 [info] > git for-each-ref --format=%(refname)%00%(upstream:short)%00%(objectname)%00%(upstream:track)%00%(upstream:remotename)%00%(upstream:remoteref) refs/heads/master refs/remotes/master [92ms]
2025-03-12 15:52:43.354 [info] > git config --add --local branch.master.vscode-merge-base origin/master [9ms]
2025-03-12 15:52:43.390 [info] > git for-each-ref --format=%(refname)%00%(upstream:short)%00%(objectname)%00%(upstream:track)%00%(upstream:remotename)%00%(upstream:remoteref) refs/heads/master refs/remotes/master [19ms]
2025-03-12 15:52:43.407 [info] > git config --get commit.template [21ms]
2025-03-12 15:52:43.425 [info] > git config --get --local branch.master.vscode-merge-base [21ms]
2025-03-12 15:52:43.444 [info] > git for-each-ref --format=%(refname)%00%(upstream:short)%00%(objectname)%00%(upstream:track)%00%(upstream:remotename)%00%(upstream:remoteref) refs/heads/master refs/remotes/master [23ms]
2025-03-12 15:52:43.450 [info] > git for-each-ref --format=%(refname)%00%(upstream:short)%00%(objectname)%00%(upstream:track)%00%(upstream:remotename)%00%(upstream:remoteref) refs/heads/origin/master refs/remotes/origin/master [9ms]
2025-03-12 15:52:43.541 [info] > git for-each-ref --sort -committerdate --format %(refname) %(objectname) %(*objectname) [20ms]
2025-03-12 15:52:43.544 [info] > git merge-base refs/heads/master refs/remotes/origin/master [75ms]
2025-03-12 15:52:43.584 [info] > git diff --name-status -z --diff-filter=ADMR 588471b20c87554084b3ae6eb5bc2d74862984c5...refs/remotes/origin/master [13ms]
2025-03-12 15:52:43.600 [info] > git status -z -uall [112ms]
2025-03-12 15:52:43.704 [info] > git rev-parse --show-toplevel [10ms]
2025-03-12 15:52:43.802 [info] > git rev-parse --show-toplevel [19ms]
2025-03-12 15:52:43.887 [info] > git rev-parse --show-toplevel [55ms]
2025-03-12 15:52:44.242 [info] > git rev-parse --show-toplevel [233ms]
2025-03-12 15:52:44.293 [info] > git rev-parse --show-toplevel [9ms]
2025-03-12 15:52:44.341 [info] > git rev-parse --show-toplevel [26ms]
2025-03-12 15:52:44.397 [info] > git check-ignore -v -z --stdin [58ms]
2025-03-12 15:52:44.402 [info] > git rev-parse --show-toplevel [29ms]
2025-03-12 15:52:44.470 [info] > git rev-parse --show-toplevel [8ms]
2025-03-12 15:52:44.531 [info] > git rev-parse --show-toplevel [1ms]
2025-03-12 15:52:44.713 [info] > git rev-parse --show-toplevel [16ms]
2025-03-12 15:52:44.779 [info] > git rev-parse --show-toplevel [22ms]
2025-03-12 15:52:44.839 [info] > git rev-parse --show-toplevel [9ms]
2025-03-12 15:52:44.890 [info] > git rev-parse --show-toplevel [20ms]
2025-03-12 15:52:44.936 [info] > git rev-parse --show-toplevel [6ms]
2025-03-12 15:52:44.979 [info] > git rev-parse --show-toplevel [6ms]
2025-03-12 15:52:45.043 [info] > git rev-parse --show-toplevel [14ms]
2025-03-12 15:52:45.443 [info] > git rev-parse --show-toplevel [359ms]
2025-03-12 15:52:45.673 [info] > git rev-parse --show-toplevel [17ms]
2025-03-12 15:52:45.727 [info] > git rev-parse --show-toplevel [17ms]
2025-03-12 15:52:45.866 [info] > git rev-parse --show-toplevel [25ms]
2025-03-12 15:52:45.922 [info] > git rev-parse --show-toplevel [16ms]
2025-03-12 15:52:45.958 [info] > git rev-parse --show-toplevel [5ms]
2025-03-12 15:52:46.117 [info] > git rev-parse --show-toplevel [106ms]
2025-03-12 15:52:46.155 [info] > git rev-parse --show-toplevel [9ms]
2025-03-12 15:52:46.196 [info] > git rev-parse --show-toplevel [14ms]
2025-03-12 15:52:46.261 [info] > git rev-parse --show-toplevel [20ms]
2025-03-12 15:52:46.430 [info] > git rev-parse --show-toplevel [113ms]
2025-03-12 15:52:46.517 [info] > git rev-parse --show-toplevel [30ms]
2025-03-12 15:52:46.635 [info] > git rev-parse --show-toplevel [74ms]
2025-03-12 15:52:47.856 [info] > git rev-parse --show-toplevel [1172ms]
2025-03-12 15:52:48.108 [info] > git config --get commit.template [140ms]
2025-03-12 15:52:48.109 [info] > git rev-parse --show-toplevel [167ms]
2025-03-12 15:52:48.203 [info] > git for-each-ref --format=%(refname)%00%(upstream:short)%00%(objectname)%00%(upstream:track)%00%(upstream:remotename)%00%(upstream:remoteref) refs/heads/master refs/remotes/master [45ms]
2025-03-12 15:52:48.204 [info] > git rev-parse --show-toplevel [62ms]
2025-03-12 15:52:48.223 [info] > git rev-parse --show-toplevel [5ms]
2025-03-12 15:52:48.435 [info] > git status -z -uall [179ms]
2025-03-12 15:52:48.436 [info] > git for-each-ref --sort -committerdate --format %(refname) %(objectname) %(*objectname) [141ms]
2025-03-12 15:52:48.459 [info] > git rev-parse --show-toplevel [218ms]
2025-03-12 15:52:48.502 [info] > git rev-parse --show-toplevel [14ms]
2025-03-12 15:52:48.537 [info] > git rev-parse --show-toplevel [9ms]
2025-03-12 15:52:48.612 [info] > git rev-parse --show-toplevel [62ms]
2025-03-12 15:52:48.630 [info] > git rev-parse --show-toplevel [3ms]
2025-03-12 15:52:48.651 [info] > git rev-parse --git-dir --git-common-dir [6ms]
2025-03-12 15:52:48.674 [info] [Model][openRepository] Opened repository: /home/arnold/.config/nvim
2025-03-12 15:52:48.735 [info] > git rev-parse --show-toplevel [3ms]
2025-03-12 15:52:48.736 [info] > git config --get commit.template [35ms]
2025-03-12 15:52:48.773 [info] > git rev-parse --show-toplevel [21ms]
2025-03-12 15:52:48.776 [info] > git for-each-ref --format=%(refname)%00%(upstream:short)%00%(objectname)%00%(upstream:track)%00%(upstream:remotename)%00%(upstream:remoteref) refs/heads/main refs/remotes/main [8ms]
2025-03-12 15:52:48.855 [warning] [Git][revParse] Unable to read file: ENOENT: no such file or directory, open '/home/arnold/.config/nvim/.git/refs/remotes/origin/main'
2025-03-12 15:52:48.864 [info] > git rev-parse refs/remotes/origin/main [9ms]
2025-03-12 15:52:48.902 [info] > git rev-parse --show-toplevel [88ms]
2025-03-12 15:52:48.989 [info] > git status -z -uall [110ms]
2025-03-12 15:52:48.993 [info] > git for-each-ref --sort -committerdate --format %(refname) %(objectname) %(*objectname) [92ms]
2025-03-12 15:52:49.077 [info] > git for-each-ref --format=%(refname)%00%(upstream:short)%00%(objectname)%00%(upstream:track)%00%(upstream:remotename)%00%(upstream:remoteref) refs/heads/main refs/remotes/main [49ms]
2025-03-12 15:52:49.097 [info] > git rev-parse --show-toplevel [117ms]
2025-03-12 15:52:49.141 [info] > git config --get --local branch.main.vscode-merge-base [45ms]
2025-03-12 15:52:49.162 [info] > git config --get commit.template [95ms]
2025-03-12 15:52:49.166 [info] > git rev-parse --show-toplevel [34ms]
2025-03-12 15:52:49.212 [info] > git for-each-ref --format=%(refname)%00%(upstream:short)%00%(objectname)%00%(upstream:track)%00%(upstream:remotename)%00%(upstream:remoteref) refs/heads/origin/main refs/remotes/origin/main [50ms]
2025-03-12 15:52:49.237 [info] > git merge-base refs/heads/main refs/remotes/origin/main [5ms]
2025-03-12 15:52:49.263 [info] > git rev-parse --show-toplevel [52ms]
2025-03-12 15:52:49.263 [info] > git for-each-ref --format=%(refname)%00%(upstream:short)%00%(objectname)%00%(upstream:track)%00%(upstream:remotename)%00%(upstream:remoteref) refs/heads/main refs/remotes/main [76ms]
2025-03-12 15:52:49.306 [warning] [Git][revParse] Unable to read file: ENOENT: no such file or directory, open '/home/arnold/.config/nvim/.git/refs/remotes/origin/main'
2025-03-12 15:52:49.307 [info] > git rev-parse --show-toplevel [20ms]
2025-03-12 15:52:49.308 [info] > git diff --name-status -z --diff-filter=ADMR 803bc181d7c0d6d5eeba9274d9be49b287294d99...refs/remotes/origin/main [46ms]
2025-03-12 15:52:49.334 [info] > git rev-parse refs/remotes/origin/main [29ms]
2025-03-12 15:52:49.481 [info] > git status -z -uall [126ms]
2025-03-12 15:52:49.486 [info] > git check-ignore -v -z --stdin [39ms]
2025-03-12 15:52:49.490 [info] > git for-each-ref --sort -committerdate --format %(refname) %(objectname) %(*objectname) [92ms]
2025-03-12 15:52:49.507 [info] > git rev-parse --show-toplevel [175ms]
2025-03-12 15:52:49.638 [info] > git rev-parse --show-toplevel [81ms]
2025-03-12 15:52:49.700 [info] > git rev-parse --show-toplevel [12ms]
2025-03-12 15:52:49.776 [info] > git rev-parse --show-toplevel [7ms]
2025-03-12 15:52:49.821 [info] > git rev-parse --show-toplevel [14ms]
2025-03-12 15:52:49.954 [info] > git rev-parse --show-toplevel [95ms]
2025-03-12 15:52:50.003 [info] > git rev-parse --show-toplevel [12ms]
2025-03-12 15:52:50.016 [info] [Model][doInitialScan] Initial repository scan completed - repositories (2), closed repositories (0), parent repositories (0), unsafe repositories (0)
2025-03-12 15:52:50.070 [info] > git check-ignore -v -z --stdin [26ms]
2025-03-12 15:52:50.074 [info] > git check-ignore -v -z --stdin [9ms]
2025-03-12 15:52:50.211 [info] > git log --format=%H%n%aN%n%aE%n%at%n%ct%n%P%n%D%n%B -z --shortstat --diff-merges=first-parent -n50 --skip=0 --topo-order --decorate=full --stdin [5977ms]
2025-03-12 15:52:53.642 [info] > git config --get commit.template [23ms]
2025-03-12 15:52:53.700 [info] > git for-each-ref --format=%(refname)%00%(upstream:short)%00%(objectname)%00%(upstream:track)%00%(upstream:remotename)%00%(upstream:remoteref) refs/heads/master refs/remotes/master [8ms]
2025-03-12 15:52:53.821 [info] > git for-each-ref --sort -committerdate --format %(refname) %(objectname) %(*objectname) [24ms]
2025-03-12 15:52:53.894 [info] > git status -z -uall [156ms]
2025-03-12 15:53:00.484 [info] > git config --get commit.template [1ms]
2025-03-12 15:53:00.501 [info] > git for-each-ref --format=%(refname)%00%(upstream:short)%00%(objectname)%00%(upstream:track)%00%(upstream:remotename)%00%(upstream:remoteref) refs/heads/master refs/remotes/master [3ms]
2025-03-12 15:53:00.542 [info] > git for-each-ref --sort -committerdate --format %(refname) %(objectname) %(*objectname) [5ms]
2025-03-12 15:53:00.572 [info] > git status -z -uall [56ms]
