2025-03-11 04:48:41.759 [info] Reading sessions from keychain...
2025-03-11 04:48:41.759 [info] Getting sessions for all scopes...
2025-03-11 04:48:41.759 [info] Getting sessions for all scopes...
2025-03-11 04:48:41.767 [info] Getting sessions for all scopes...
2025-03-11 04:48:41.769 [info] Getting sessions for all scopes...
2025-03-11 04:48:41.770 [info] Getting sessions for all scopes...
2025-03-11 04:48:41.770 [info] Getting sessions for all scopes...
2025-03-11 04:48:41.770 [info] Getting sessions for all scopes...
2025-03-11 04:48:42.134 [info] Got stored sessions!
2025-03-11 04:48:42.135 [info] Got 1 verified sessions.
2025-03-11 04:48:42.135 [info] Got 1 sessions for ...
2025-03-11 04:48:42.135 [info] Got 1 sessions for ...
2025-03-11 04:48:42.135 [info] Got 1 sessions for ...
2025-03-11 04:48:42.135 [info] Got 1 sessions for ...
2025-03-11 04:48:42.135 [info] Got 1 sessions for ...
2025-03-11 04:48:42.135 [info] Got 1 sessions for ...
2025-03-11 04:48:42.135 [info] Got 1 sessions for ...
2025-03-11 04:48:49.632 [info] Getting sessions for all scopes...
2025-03-11 04:48:49.633 [info] Got 1 sessions for ...
2025-03-11 04:48:56.601 [info] Getting sessions for codespace,read:user,repo,user:email...
2025-03-11 04:48:56.601 [info] Got 0 sessions for codespace,read:user,repo,user:email...
2025-03-11 04:48:58.503 [info] Getting sessions for all scopes...
2025-03-11 04:48:58.503 [info] Got 1 sessions for ...
2025-03-11 04:49:02.696 [info] Getting sessions for codespace,read:user,repo,user:email...
2025-03-11 04:49:02.696 [info] Got 0 sessions for codespace,read:user,repo,user:email...
2025-03-11 04:49:04.506 [info] Getting sessions for read:user,repo,user:email,workflow...
2025-03-11 04:49:04.508 [info] Got 1 sessions for read:user,repo,user:email,workflow...
