2025-03-11 04:43:39.264 [info] Reading sessions from keychain...
2025-03-11 04:43:39.264 [info] Getting sessions for all scopes...
2025-03-11 04:43:39.264 [info] Getting sessions for all scopes...
2025-03-11 04:43:39.264 [info] Getting sessions for all scopes...
2025-03-11 04:43:39.264 [info] Getting sessions for all scopes...
2025-03-11 04:43:39.264 [info] Getting sessions for all scopes...
2025-03-11 04:43:39.264 [info] Getting sessions for all scopes...
2025-03-11 04:43:39.264 [info] Getting sessions for all scopes...
2025-03-11 04:43:39.264 [info] Getting sessions for all scopes...
2025-03-11 04:43:39.264 [info] Got stored sessions!
2025-03-11 04:43:39.264 [info] Got 1 verified sessions.
2025-03-11 04:43:39.264 [info] Got 1 sessions for ...
2025-03-11 04:43:39.264 [info] Got 1 sessions for ...
2025-03-11 04:43:39.264 [info] Got 1 sessions for ...
2025-03-11 04:43:39.264 [info] Got 1 sessions for ...
2025-03-11 04:43:39.264 [info] Got 1 sessions for ...
2025-03-11 04:43:39.264 [info] Got 1 sessions for ...
2025-03-11 04:43:39.264 [info] Got 1 sessions for ...
2025-03-11 04:43:39.264 [info] Got 1 sessions for ...
2025-03-11 04:43:49.683 [info] Getting sessions for all scopes...
2025-03-11 04:43:49.684 [info] Got 1 sessions for ...
2025-03-11 04:43:55.454 [info] Getting sessions for codespace,read:user,repo,user:email...
2025-03-11 04:43:55.455 [info] Got 0 sessions for codespace,read:user,repo,user:email...
2025-03-11 04:44:00.624 [info] Getting sessions for codespace,read:user,repo,user:email...
2025-03-11 04:44:00.624 [info] Got 0 sessions for codespace,read:user,repo,user:email...
2025-03-11 04:44:10.094 [info] Getting sessions for read:user,repo,user:email,workflow...
2025-03-11 04:44:10.094 [info] Got 1 sessions for read:user,repo,user:email,workflow...
