2025-03-12 13:14:26.797 [info] Extension host with pid 11796 started
2025-03-12 13:14:26.797 [info] Skipping acquiring lock for /home/arnold/.config/Code/User/workspaceStorage/83eb79267c3ed79721ec5476be82802d.
2025-03-12 13:14:28.967 [info] ExtensionService#_doActivateExtension vscode.github-authentication, startup: false, activationEvent: 'onAuthenticationRequest:github'
2025-03-12 13:14:29.450 [info] ExtensionService#_doActivateExtension vscode.ipynb, startup: false, activationEvent: 'onNotebookSerializer:jupyter-notebook'
2025-03-12 13:14:29.535 [info] ExtensionService#_doActivateExtension vscode.emmet, startup: false, activationEvent: 'onLanguage'
2025-03-12 13:14:29.607 [info] ExtensionService#_doActivateExtension quarto.quarto, startup: false, activationEvent: 'onLanguage:quarto'
2025-03-12 13:14:33.076 [info] ExtensionService#_doActivateExtension vscode.git-base, startup: true, activationEvent: '*', root cause: vscode.git
2025-03-12 13:14:33.518 [info] ExtensionService#_doActivateExtension ms-python.python, startup: false, activationEvent: 'api', root cause: quarto.quarto
2025-03-12 13:14:36.417 [info] ExtensionService#_doActivateExtension vscode.git, startup: true, activationEvent: '*'
2025-03-12 13:14:36.788 [info] ExtensionService#_doActivateExtension vscode.github, startup: true, activationEvent: '*'
2025-03-12 13:14:38.034 [info] Not activating extension 'quarto.quarto': Timed out while searching for 'workspaceContains' pattern **/*.{qmd,rmd},**/_quarto.{yml,yaml},**/_brand.{yml,yaml},**/_extension.{yml,yaml}
2025-03-12 13:14:38.034 [info] Not activating extension 'REditorSupport.r': Timed out while searching for 'workspaceContains' pattern **/*.{rproj,Rproj,r,R,rd,Rd,rmd,Rmd}
2025-03-12 13:14:39.963 [info] ExtensionService#_doActivateExtension REditorSupport.r, startup: true, activationEvent: 'workspaceContains:**/*.{rproj,Rproj,r,R,rd,Rd,rmd,Rmd}'
2025-03-12 13:14:42.723 [info] ExtensionService#_doActivateExtension GitHub.codespaces, startup: false, activationEvent: 'onNotebook:jupyter-notebook'
2025-03-12 13:14:45.005 [info] ExtensionService#_doActivateExtension ms-toolsai.jupyter, startup: false, activationEvent: 'onNotebook:jupyter-notebook'
2025-03-12 13:14:45.019 [info] ExtensionService#_doActivateExtension ms-toolsai.vscode-jupyter-cell-tags, startup: false, activationEvent: 'onNotebook:jupyter-notebook'
2025-03-12 13:14:45.039 [info] ExtensionService#_doActivateExtension ms-toolsai.vscode-jupyter-slideshow, startup: false, activationEvent: 'onNotebook:jupyter-notebook'
2025-03-12 13:14:45.058 [info] ExtensionService#_doActivateExtension vscode.debug-auto-launch, startup: false, activationEvent: 'onStartupFinished'
2025-03-12 13:14:45.098 [info] ExtensionService#_doActivateExtension vscode.merge-conflict, startup: false, activationEvent: 'onStartupFinished'
2025-03-12 13:14:46.440 [info] Eager extensions activated
2025-03-12 13:14:52.929 [info] ExtensionService#_doActivateExtension ms-python.vscode-pylance, startup: false, activationEvent: 'api', root cause: ms-python.python
2025-03-12 13:14:58.251 [info] ExtensionService#_doActivateExtension ms-toolsai.jupyter-renderers, startup: false, activationEvent: 'api', root cause: ms-toolsai.jupyter
2025-03-12 13:14:58.423 [info] ExtensionService#_doActivateExtension ms-python.debugpy, startup: false, activationEvent: 'onLanguage:python'
2025-03-12 13:17:44.723 [warning] [Decorations] CAPPING events from decorations provider vscode.git 332
2025-03-12 13:17:45.821 [warning] [Decorations] CAPPING events from decorations provider vscode.git 332
2025-03-12 13:20:51.216 [warning] [Decorations] CAPPING events from decorations provider vscode.git 332
2025-03-12 13:21:54.817 [info] Extension host terminating: renderer closed the MessagePort
2025-03-12 13:21:55.902 [error] Canceled: Canceled
    at new dR (file:///opt/visual-studio-code/resources/app/out/vs/workbench/api/node/extensionHostProcess.js:29:111670)
    at qy.U (file:///opt/visual-studio-code/resources/app/out/vs/workbench/api/node/extensionHostProcess.js:29:116281)
    at Proxy.s.<computed>.n.charCodeAt.s.<computed> (file:///opt/visual-studio-code/resources/app/out/vs/workbench/api/node/extensionHostProcess.js:29:113775)
    at Sw.g (file:///opt/visual-studio-code/resources/app/out/vs/workbench/api/node/extensionHostProcess.js:112:41039)
    at Sw.executeCommand (file:///opt/visual-studio-code/resources/app/out/vs/workbench/api/node/extensionHostProcess.js:112:40543)
    at r.registerCommand.description (file:///opt/visual-studio-code/resources/app/out/vs/workbench/api/node/extensionHostProcess.js:112:39873)
    at Sw.h (file:///opt/visual-studio-code/resources/app/out/vs/workbench/api/node/extensionHostProcess.js:112:41559)
    at Sw.g (file:///opt/visual-studio-code/resources/app/out/vs/workbench/api/node/extensionHostProcess.js:112:40636)
    at Sw.executeCommand (file:///opt/visual-studio-code/resources/app/out/vs/workbench/api/node/extensionHostProcess.js:112:40543)
    at Object.executeCommand (file:///opt/visual-studio-code/resources/app/out/vs/workbench/api/node/extensionHostProcess.js:172:37375)
    at Th.L [as value] (/opt/visual-studio-code/resources/app/extensions/git/dist/main.js:2:1000063)
    at P.B (file:///opt/visual-studio-code/resources/app/out/vs/workbench/api/node/extensionHostProcess.js:27:2375)
    at P.C (file:///opt/visual-studio-code/resources/app/out/vs/workbench/api/node/extensionHostProcess.js:27:2445)
    at P.fire (file:///opt/visual-studio-code/resources/app/out/vs/workbench/api/node/extensionHostProcess.js:27:2662)
    at Object.p [as dispose] (/opt/visual-studio-code/resources/app/extensions/git/dist/main.js:2:1022703)
    at /opt/visual-studio-code/resources/app/extensions/git/dist/main.js:2:1029021
    at Array.forEach (<anonymous>)
    at b.dispose (/opt/visual-studio-code/resources/app/extensions/git/dist/main.js:2:1029007)
    at fv.<anonymous> (file:///opt/visual-studio-code/resources/app/out/vs/workbench/api/node/extensionHostProcess.js:108:8922)
    at fv.dispose (file:///opt/visual-studio-code/resources/app/out/vs/workbench/api/node/extensionHostProcess.js:108:9018)
    at fv.<anonymous> (/opt/visual-studio-code/resources/app/extensions/git/dist/main.js:2:1002547)
    at fv.dispose (file:///opt/visual-studio-code/resources/app/out/vs/workbench/api/node/extensionHostProcess.js:108:9018)
    at hi (file:///opt/visual-studio-code/resources/app/out/vs/workbench/api/node/extensionHostProcess.js:25:701)
    at file:///opt/visual-studio-code/resources/app/out/vs/workbench/api/node/extensionHostProcess.js:116:14994
    at file:///opt/visual-studio-code/resources/app/out/vs/workbench/api/node/extensionHostProcess.js:25:1011
    at Object.dispose (file:///opt/visual-studio-code/resources/app/out/vs/workbench/api/node/extensionHostProcess.js:8:705)
    at zz.eb (file:///opt/visual-studio-code/resources/app/out/vs/workbench/api/node/extensionHostProcess.js:116:11921)
    at file:///opt/visual-studio-code/resources/app/out/vs/workbench/api/node/extensionHostProcess.js:116:9876
    at Array.map (<anonymous>)
    at zz.$ (file:///opt/visual-studio-code/resources/app/out/vs/workbench/api/node/extensionHostProcess.js:116:9864)
    at zz.terminate (file:///opt/visual-studio-code/resources/app/out/vs/workbench/api/node/extensionHostProcess.js:116:10107)
    at OI.terminate (file:///opt/visual-studio-code/resources/app/out/vs/workbench/api/node/extensionHostProcess.js:117:1434)
    at ts (file:///opt/visual-studio-code/resources/app/out/vs/workbench/api/node/extensionHostProcess.js:190:15108)
    at MessagePortMain.<anonymous> (file:///opt/visual-studio-code/resources/app/out/vs/workbench/api/node/extensionHostProcess.js:190:11656)
    at MessagePortMain.emit (node:events:518:28)
    at Object.MessagePortMain._internalPort.emit (node:electron/js2c/utility_init:2:2949) setContext undefined
2025-03-12 13:21:55.913 [error] Canceled: Canceled
    at new dR (file:///opt/visual-studio-code/resources/app/out/vs/workbench/api/node/extensionHostProcess.js:29:111670)
    at qy.U (file:///opt/visual-studio-code/resources/app/out/vs/workbench/api/node/extensionHostProcess.js:29:116281)
    at Proxy.s.<computed>.n.charCodeAt.s.<computed> (file:///opt/visual-studio-code/resources/app/out/vs/workbench/api/node/extensionHostProcess.js:29:113775)
    at Sw.g (file:///opt/visual-studio-code/resources/app/out/vs/workbench/api/node/extensionHostProcess.js:112:41039)
    at Sw.executeCommand (file:///opt/visual-studio-code/resources/app/out/vs/workbench/api/node/extensionHostProcess.js:112:40543)
    at r.registerCommand.description (file:///opt/visual-studio-code/resources/app/out/vs/workbench/api/node/extensionHostProcess.js:112:39873)
    at Sw.h (file:///opt/visual-studio-code/resources/app/out/vs/workbench/api/node/extensionHostProcess.js:112:41559)
    at Sw.g (file:///opt/visual-studio-code/resources/app/out/vs/workbench/api/node/extensionHostProcess.js:112:40636)
    at Sw.executeCommand (file:///opt/visual-studio-code/resources/app/out/vs/workbench/api/node/extensionHostProcess.js:112:40543)
    at Object.executeCommand (file:///opt/visual-studio-code/resources/app/out/vs/workbench/api/node/extensionHostProcess.js:172:37375)
    at Th.L [as value] (/opt/visual-studio-code/resources/app/extensions/git/dist/main.js:2:1000063)
    at P.B (file:///opt/visual-studio-code/resources/app/out/vs/workbench/api/node/extensionHostProcess.js:27:2375)
    at P.C (file:///opt/visual-studio-code/resources/app/out/vs/workbench/api/node/extensionHostProcess.js:27:2445)
    at P.fire (file:///opt/visual-studio-code/resources/app/out/vs/workbench/api/node/extensionHostProcess.js:27:2662)
    at Object.p [as dispose] (/opt/visual-studio-code/resources/app/extensions/git/dist/main.js:2:1022703)
    at /opt/visual-studio-code/resources/app/extensions/git/dist/main.js:2:1029021
    at Array.forEach (<anonymous>)
    at b.dispose (/opt/visual-studio-code/resources/app/extensions/git/dist/main.js:2:1029007)
    at fv.<anonymous> (file:///opt/visual-studio-code/resources/app/out/vs/workbench/api/node/extensionHostProcess.js:108:8922)
    at fv.dispose (file:///opt/visual-studio-code/resources/app/out/vs/workbench/api/node/extensionHostProcess.js:108:9018)
    at fv.<anonymous> (/opt/visual-studio-code/resources/app/extensions/git/dist/main.js:2:1002547)
    at fv.dispose (file:///opt/visual-studio-code/resources/app/out/vs/workbench/api/node/extensionHostProcess.js:108:9018)
    at hi (file:///opt/visual-studio-code/resources/app/out/vs/workbench/api/node/extensionHostProcess.js:25:701)
    at file:///opt/visual-studio-code/resources/app/out/vs/workbench/api/node/extensionHostProcess.js:116:14994
    at file:///opt/visual-studio-code/resources/app/out/vs/workbench/api/node/extensionHostProcess.js:25:1011
    at Object.dispose (file:///opt/visual-studio-code/resources/app/out/vs/workbench/api/node/extensionHostProcess.js:8:705)
    at zz.eb (file:///opt/visual-studio-code/resources/app/out/vs/workbench/api/node/extensionHostProcess.js:116:11921)
    at file:///opt/visual-studio-code/resources/app/out/vs/workbench/api/node/extensionHostProcess.js:116:9876
    at Array.map (<anonymous>)
    at zz.$ (file:///opt/visual-studio-code/resources/app/out/vs/workbench/api/node/extensionHostProcess.js:116:9864)
    at zz.terminate (file:///opt/visual-studio-code/resources/app/out/vs/workbench/api/node/extensionHostProcess.js:116:10107)
    at OI.terminate (file:///opt/visual-studio-code/resources/app/out/vs/workbench/api/node/extensionHostProcess.js:117:1434)
    at ts (file:///opt/visual-studio-code/resources/app/out/vs/workbench/api/node/extensionHostProcess.js:190:15108)
    at MessagePortMain.<anonymous> (file:///opt/visual-studio-code/resources/app/out/vs/workbench/api/node/extensionHostProcess.js:190:11656)
    at MessagePortMain.emit (node:events:518:28)
    at Object.MessagePortMain._internalPort.emit (node:electron/js2c/utility_init:2:2949) setContext undefined
2025-03-12 13:21:55.914 [error] Canceled: Canceled
    at new dR (file:///opt/visual-studio-code/resources/app/out/vs/workbench/api/node/extensionHostProcess.js:29:111670)
    at qy.U (file:///opt/visual-studio-code/resources/app/out/vs/workbench/api/node/extensionHostProcess.js:29:116281)
    at Proxy.s.<computed>.n.charCodeAt.s.<computed> (file:///opt/visual-studio-code/resources/app/out/vs/workbench/api/node/extensionHostProcess.js:29:113775)
    at Sw.g (file:///opt/visual-studio-code/resources/app/out/vs/workbench/api/node/extensionHostProcess.js:112:41039)
    at Sw.executeCommand (file:///opt/visual-studio-code/resources/app/out/vs/workbench/api/node/extensionHostProcess.js:112:40543)
    at r.registerCommand.description (file:///opt/visual-studio-code/resources/app/out/vs/workbench/api/node/extensionHostProcess.js:112:39873)
    at Sw.h (file:///opt/visual-studio-code/resources/app/out/vs/workbench/api/node/extensionHostProcess.js:112:41559)
    at Sw.g (file:///opt/visual-studio-code/resources/app/out/vs/workbench/api/node/extensionHostProcess.js:112:40636)
    at Sw.executeCommand (file:///opt/visual-studio-code/resources/app/out/vs/workbench/api/node/extensionHostProcess.js:112:40543)
    at Object.executeCommand (file:///opt/visual-studio-code/resources/app/out/vs/workbench/api/node/extensionHostProcess.js:172:37375)
    at Th.L [as value] (/opt/visual-studio-code/resources/app/extensions/git/dist/main.js:2:1000063)
    at P.B (file:///opt/visual-studio-code/resources/app/out/vs/workbench/api/node/extensionHostProcess.js:27:2375)
    at P.C (file:///opt/visual-studio-code/resources/app/out/vs/workbench/api/node/extensionHostProcess.js:27:2445)
    at P.fire (file:///opt/visual-studio-code/resources/app/out/vs/workbench/api/node/extensionHostProcess.js:27:2662)
    at Object.p [as dispose] (/opt/visual-studio-code/resources/app/extensions/git/dist/main.js:2:1022703)
    at /opt/visual-studio-code/resources/app/extensions/git/dist/main.js:2:1029021
    at Array.forEach (<anonymous>)
    at b.dispose (/opt/visual-studio-code/resources/app/extensions/git/dist/main.js:2:1029007)
    at fv.<anonymous> (file:///opt/visual-studio-code/resources/app/out/vs/workbench/api/node/extensionHostProcess.js:108:8922)
    at fv.dispose (file:///opt/visual-studio-code/resources/app/out/vs/workbench/api/node/extensionHostProcess.js:108:9018)
    at fv.<anonymous> (/opt/visual-studio-code/resources/app/extensions/git/dist/main.js:2:1002547)
    at fv.dispose (file:///opt/visual-studio-code/resources/app/out/vs/workbench/api/node/extensionHostProcess.js:108:9018)
    at hi (file:///opt/visual-studio-code/resources/app/out/vs/workbench/api/node/extensionHostProcess.js:25:701)
    at file:///opt/visual-studio-code/resources/app/out/vs/workbench/api/node/extensionHostProcess.js:116:14994
    at file:///opt/visual-studio-code/resources/app/out/vs/workbench/api/node/extensionHostProcess.js:25:1011
    at Object.dispose (file:///opt/visual-studio-code/resources/app/out/vs/workbench/api/node/extensionHostProcess.js:8:705)
    at zz.eb (file:///opt/visual-studio-code/resources/app/out/vs/workbench/api/node/extensionHostProcess.js:116:11921)
    at file:///opt/visual-studio-code/resources/app/out/vs/workbench/api/node/extensionHostProcess.js:116:9876
    at Array.map (<anonymous>)
    at zz.$ (file:///opt/visual-studio-code/resources/app/out/vs/workbench/api/node/extensionHostProcess.js:116:9864)
    at zz.terminate (file:///opt/visual-studio-code/resources/app/out/vs/workbench/api/node/extensionHostProcess.js:116:10107)
    at OI.terminate (file:///opt/visual-studio-code/resources/app/out/vs/workbench/api/node/extensionHostProcess.js:117:1434)
    at ts (file:///opt/visual-studio-code/resources/app/out/vs/workbench/api/node/extensionHostProcess.js:190:15108)
    at MessagePortMain.<anonymous> (file:///opt/visual-studio-code/resources/app/out/vs/workbench/api/node/extensionHostProcess.js:190:11656)
    at MessagePortMain.emit (node:events:518:28)
    at Object.MessagePortMain._internalPort.emit (node:electron/js2c/utility_init:2:2949) setContext undefined
2025-03-12 13:21:55.942 [error] Canceled: Canceled
    at new dR (file:///opt/visual-studio-code/resources/app/out/vs/workbench/api/node/extensionHostProcess.js:29:111670)
    at qy.U (file:///opt/visual-studio-code/resources/app/out/vs/workbench/api/node/extensionHostProcess.js:29:116281)
    at Proxy.s.<computed>.n.charCodeAt.s.<computed> (file:///opt/visual-studio-code/resources/app/out/vs/workbench/api/node/extensionHostProcess.js:29:113775)
    at Sw.g (file:///opt/visual-studio-code/resources/app/out/vs/workbench/api/node/extensionHostProcess.js:112:41039)
    at Sw.executeCommand (file:///opt/visual-studio-code/resources/app/out/vs/workbench/api/node/extensionHostProcess.js:112:40543)
    at r.registerCommand.description (file:///opt/visual-studio-code/resources/app/out/vs/workbench/api/node/extensionHostProcess.js:112:39873)
    at Sw.h (file:///opt/visual-studio-code/resources/app/out/vs/workbench/api/node/extensionHostProcess.js:112:41559)
    at Sw.g (file:///opt/visual-studio-code/resources/app/out/vs/workbench/api/node/extensionHostProcess.js:112:40636)
    at Sw.executeCommand (file:///opt/visual-studio-code/resources/app/out/vs/workbench/api/node/extensionHostProcess.js:112:40543)
    at Object.executeCommand (file:///opt/visual-studio-code/resources/app/out/vs/workbench/api/node/extensionHostProcess.js:172:37375)
    at t.VscodeDevShareProvider.set hasGitHubRepositories [as hasGitHubRepositories] (/opt/visual-studio-code/resources/app/extensions/github/dist/extension.js:2:217805)
    at /opt/visual-studio-code/resources/app/extensions/github/dist/extension.js:2:218764
    at Th.value (/opt/visual-studio-code/resources/app/extensions/git/dist/main.js:2:1120702)
    at P.B (file:///opt/visual-studio-code/resources/app/out/vs/workbench/api/node/extensionHostProcess.js:27:2375)
    at P.C (file:///opt/visual-studio-code/resources/app/out/vs/workbench/api/node/extensionHostProcess.js:27:2445)
    at P.fire (file:///opt/visual-studio-code/resources/app/out/vs/workbench/api/node/extensionHostProcess.js:27:2662)
    at Object.p [as dispose] (/opt/visual-studio-code/resources/app/extensions/git/dist/main.js:2:1022703)
    at /opt/visual-studio-code/resources/app/extensions/git/dist/main.js:2:1029021
    at Array.forEach (<anonymous>)
    at b.dispose (/opt/visual-studio-code/resources/app/extensions/git/dist/main.js:2:1029007)
    at fv.<anonymous> (file:///opt/visual-studio-code/resources/app/out/vs/workbench/api/node/extensionHostProcess.js:108:8922)
    at fv.dispose (file:///opt/visual-studio-code/resources/app/out/vs/workbench/api/node/extensionHostProcess.js:108:9018)
    at fv.<anonymous> (/opt/visual-studio-code/resources/app/extensions/git/dist/main.js:2:1002547)
    at fv.dispose (file:///opt/visual-studio-code/resources/app/out/vs/workbench/api/node/extensionHostProcess.js:108:9018)
    at hi (file:///opt/visual-studio-code/resources/app/out/vs/workbench/api/node/extensionHostProcess.js:25:701)
    at file:///opt/visual-studio-code/resources/app/out/vs/workbench/api/node/extensionHostProcess.js:116:14994
    at file:///opt/visual-studio-code/resources/app/out/vs/workbench/api/node/extensionHostProcess.js:25:1011
    at Object.dispose (file:///opt/visual-studio-code/resources/app/out/vs/workbench/api/node/extensionHostProcess.js:8:705)
    at zz.eb (file:///opt/visual-studio-code/resources/app/out/vs/workbench/api/node/extensionHostProcess.js:116:11921)
    at file:///opt/visual-studio-code/resources/app/out/vs/workbench/api/node/extensionHostProcess.js:116:9876
    at Array.map (<anonymous>)
    at zz.$ (file:///opt/visual-studio-code/resources/app/out/vs/workbench/api/node/extensionHostProcess.js:116:9864)
    at zz.terminate (file:///opt/visual-studio-code/resources/app/out/vs/workbench/api/node/extensionHostProcess.js:116:10107)
    at OI.terminate (file:///opt/visual-studio-code/resources/app/out/vs/workbench/api/node/extensionHostProcess.js:117:1434)
    at ts (file:///opt/visual-studio-code/resources/app/out/vs/workbench/api/node/extensionHostProcess.js:190:15108)
    at MessagePortMain.<anonymous> (file:///opt/visual-studio-code/resources/app/out/vs/workbench/api/node/extensionHostProcess.js:190:11656)
    at MessagePortMain.emit (node:events:518:28)
    at Object.MessagePortMain._internalPort.emit (node:electron/js2c/utility_init:2:2949) setContext undefined
2025-03-12 13:21:56.001 [info] Extension host with pid 11796 exiting with code 0
