2025-03-11 20:17:08.862 [info] Reading sessions from keychain...
2025-03-11 20:17:08.863 [info] Getting sessions for all scopes...
2025-03-11 20:17:08.863 [info] Getting sessions for all scopes...
2025-03-11 20:17:08.863 [info] Getting sessions for all scopes...
2025-03-11 20:17:08.863 [info] Got stored sessions!
2025-03-11 20:17:08.863 [info] Got 1 verified sessions.
2025-03-11 20:17:08.863 [info] Got 1 sessions for ...
2025-03-11 20:17:08.863 [info] Got 1 sessions for ...
2025-03-11 20:17:08.863 [info] Got 1 sessions for ...
2025-03-11 20:17:08.863 [info] Getting sessions for all scopes...
2025-03-11 20:17:08.863 [info] Got 1 sessions for ...
2025-03-11 20:17:08.863 [info] Getting sessions for all scopes...
2025-03-11 20:17:08.863 [info] Got 1 sessions for ...
2025-03-11 20:17:08.863 [info] Getting sessions for all scopes...
2025-03-11 20:17:08.863 [info] Got 1 sessions for ...
2025-03-11 20:17:08.863 [info] Getting sessions for all scopes...
2025-03-11 20:17:08.863 [info] Got 1 sessions for ...
2025-03-11 20:17:08.863 [info] Getting sessions for all scopes...
2025-03-11 20:17:08.863 [info] Got 1 sessions for ...
2025-03-11 20:17:21.589 [info] Getting sessions for all scopes...
2025-03-11 20:17:21.589 [info] Got 1 sessions for ...
2025-03-11 20:17:33.059 [info] Getting sessions for codespace,read:user,repo,user:email...
2025-03-11 20:17:33.060 [info] Got 0 sessions for codespace,read:user,repo,user:email...
2025-03-11 20:17:35.637 [info] Getting sessions for codespace,read:user,repo,user:email...
2025-03-11 20:17:35.637 [info] Got 0 sessions for codespace,read:user,repo,user:email...
2025-03-11 20:17:37.839 [info] Getting sessions for read:user,repo,user:email,workflow...
2025-03-11 20:17:37.840 [info] Got 1 sessions for read:user,repo,user:email,workflow...
2025-03-11 20:17:43.727 [info] Getting sessions for read:user,repo,user:email,workflow...
2025-03-11 20:17:43.727 [info] Got 1 sessions for read:user,repo,user:email,workflow...
2025-03-11 21:28:42.774 [info] Getting sessions for read:user,repo,user:email,workflow...
2025-03-11 21:28:42.776 [info] Got 1 sessions for read:user,repo,user:email,workflow...
