2025-03-10 00:45:46.596 [info] Reading sessions from keychain...
2025-03-10 00:45:46.596 [info] Getting sessions for all scopes...
2025-03-10 00:45:46.596 [info] Getting sessions for all scopes...
2025-03-10 00:45:46.596 [info] Getting sessions for all scopes...
2025-03-10 00:45:46.596 [info] Getting sessions for all scopes...
2025-03-10 00:45:46.596 [info] Getting sessions for all scopes...
2025-03-10 00:45:46.596 [info] Getting sessions for all scopes...
2025-03-10 00:45:46.596 [info] Getting sessions for all scopes...
2025-03-10 00:45:46.635 [info] Got 0 sessions for ...
2025-03-10 00:45:46.635 [info] Got 0 sessions for ...
2025-03-10 00:45:46.635 [info] Got 0 sessions for ...
2025-03-10 00:45:46.635 [info] Got 0 sessions for ...
2025-03-10 00:45:46.635 [info] Got 0 sessions for ...
2025-03-10 00:45:46.635 [info] Got 0 sessions for ...
2025-03-10 00:45:46.635 [info] Got 0 sessions for ...
2025-03-10 00:45:48.599 [info] Getting sessions for all scopes...
2025-03-10 00:45:48.599 [info] Got 0 sessions for ...
2025-03-10 00:45:50.107 [info] Getting sessions for all scopes...
2025-03-10 00:45:50.108 [info] Got 0 sessions for ...
2025-03-10 00:46:01.012 [info] Reading sessions from keychain...
2025-03-10 00:46:01.013 [info] Getting sessions for all scopes...
2025-03-10 00:46:01.013 [info] Getting sessions for all scopes...
2025-03-10 00:46:01.013 [info] Getting sessions for all scopes...
2025-03-10 00:46:01.013 [info] Getting sessions for all scopes...
2025-03-10 00:46:01.013 [info] Getting sessions for all scopes...
2025-03-10 00:46:01.013 [info] Getting sessions for all scopes...
2025-03-10 00:46:01.013 [info] Getting sessions for all scopes...
2025-03-10 00:46:01.013 [info] Getting sessions for all scopes...
2025-03-10 00:46:01.051 [info] Got 0 sessions for ...
2025-03-10 00:46:01.051 [info] Got 0 sessions for ...
2025-03-10 00:46:01.051 [info] Got 0 sessions for ...
2025-03-10 00:46:01.051 [info] Got 0 sessions for ...
2025-03-10 00:46:01.051 [info] Got 0 sessions for ...
2025-03-10 00:46:01.051 [info] Got 0 sessions for ...
2025-03-10 00:46:01.051 [info] Got 0 sessions for ...
2025-03-10 00:46:01.051 [info] Got 0 sessions for ...
2025-03-10 00:46:10.105 [info] Getting sessions for all scopes...
2025-03-10 00:46:10.105 [info] Got 0 sessions for ...
2025-03-10 00:46:12.322 [info] Getting sessions for read:user,repo,user:email,workflow...
2025-03-10 00:46:12.325 [info] Got 0 sessions for read:user,repo,user:email,workflow...
