2025-03-10 00:46:26.581 [info] (Client) Pylance async client (2025.3.1) started with python extension (2025.2.0)
2025-03-10 00:46:29.844 [info] [Info  - 12:46:29 AM] (44134) Server root directory: file:///home/arnold/.vscode/extensions/ms-python.vscode-pylance-2025.3.1/dist
2025-03-10 00:46:29.859 [info] [Info  - 12:46:29 AM] (44134) Pylance language server 2025.3.1 (pyright version 1.1.396, commit 3e2236a7) starting
2025-03-10 00:46:29.859 [info] [Info  - 12:46:29 AM] (44134) Starting service instance "wd"
2025-03-10 00:46:30.212 [info] [Info  - 12:46:30 AM] (44134) Setting environmentName for service "wd": "3.13.2 (global)"
2025-03-10 00:46:30.214 [info] [Info  - 12:46:30 AM] (44134) Setting pythonPath for service "wd": "/usr/sbin/python"
2025-03-10 00:46:30.215 [info] [Info  - 12:46:30 AM] (44134) No include entries specified; assuming /home/arnold/wd
2025-03-10 00:46:30.217 [info] [Info  - 12:46:30 AM] (44134) Auto-excluding **/node_modules
2025-03-10 00:46:30.218 [info] [Info  - 12:46:30 AM] (44134) Auto-excluding **/__pycache__
2025-03-10 00:46:30.219 [info] [Info  - 12:46:30 AM] (44134) Auto-excluding **/.*
2025-03-10 00:46:30.281 [info] [Info  - 12:46:30 AM] (44134) Assuming Python version 3.13.2.final.0
2025-03-10 00:46:36.409 [info] [Info  - 12:46:36 AM] (44134) Auto-excluding /home/arnold/wd/programming/wrangling/myenv
2025-03-10 00:46:36.591 [info] [Info  - 12:46:36 AM] (44134) Found 149 source files
2025-03-10 00:46:36.707 [info] [Info  - 12:46:36 AM] (44134) Starting service instance "wd"
2025-03-10 00:46:36.731 [info] [Info  - 12:46:36 AM] (44134) Background analysis(1) root directory: file:///home/arnold/.vscode/extensions/ms-python.vscode-pylance-2025.3.1/dist
2025-03-10 00:46:36.738 [info] [Info  - 12:46:36 AM] (44134) Background analysis(1) started
2025-03-10 00:46:37.092 [info] [Info  - 12:46:37 AM] (44134) Setting environmentName for service "wd": "3.13.2 (global)"
2025-03-10 00:46:37.094 [info] [Info  - 12:46:37 AM] (44134) Setting pythonPath for service "wd": "/home/arnold/.virtualenvs/virt1/bin/python"
2025-03-10 00:46:37.096 [info] [Info  - 12:46:37 AM] (44134) No include entries specified; assuming /home/arnold/wd
2025-03-10 00:46:37.098 [info] [Info  - 12:46:37 AM] (44134) Auto-excluding **/node_modules
2025-03-10 00:46:37.098 [info] [Info  - 12:46:37 AM] (44134) Auto-excluding **/__pycache__
2025-03-10 00:46:37.099 [info] [Info  - 12:46:37 AM] (44134) Auto-excluding **/.*
2025-03-10 00:46:37.229 [info] [Info  - 12:46:37 AM] (44134) Assuming Python version 3.13.2.final.0
2025-03-10 00:46:41.521 [info] [Info  - 12:46:41 AM] (44134) Auto-excluding /home/arnold/wd/programming/wrangling/myenv
2025-03-10 00:46:41.690 [info] [Info  - 12:46:41 AM] (44134) Found 149 source files
2025-03-10 00:46:44.342 [info] [Info  - 12:46:44 AM] (44134) Background analysis(2) root directory: file:///home/arnold/.vscode/extensions/ms-python.vscode-pylance-2025.3.1/dist
2025-03-10 00:46:44.344 [info] [Info  - 12:46:44 AM] (44134) Background analysis(2) started
2025-03-10 00:46:46.237 [info] [Info  - 12:46:46 AM] (44134) Indexer background runner(3) root directory: file:///home/arnold/.vscode/extensions/ms-python.vscode-pylance-2025.3.1/dist (index)
2025-03-10 00:46:46.239 [info] [Info  - 12:46:46 AM] (44134) Indexing(3) started
2025-03-10 00:46:47.193 [info] [Info  - 12:46:47 AM] (44134) [BG(2)] Long operation: SemanticTokens range 0:0 - 1:2 at file:///home/arnold/wd/programming/python/ArnoldLearnPython/practice_ground.ipynb.py#Y111sZmlsZQ%3D%3D (5180ms)
2025-03-10 00:46:52.384 [info] [Info  - 12:46:52 AM] (44134) [IDX(3)] Long operation: scan packages file:///home/arnold/wd (5747ms)
2025-03-10 00:46:52.386 [info] [Info  - 12:46:52 AM] (44134) scanned(3) 249 files over 1 exec env
2025-03-10 00:46:54.139 [info] [Info  - 12:46:54 AM] (44134) indexed(3) 249 files over 1 exec env
2025-03-10 00:46:54.770 [info] [Info  - 12:46:54 AM] (44134) Indexing finished(3).
