2025-03-10 02:47:19.639 [info] Starting Python Locator /home/arnold/.vscode/extensions/ms-python.python-2025.2.0-linux-x64/python-env-tools/bin/pet server
2025-03-10 02:47:20.640 [info] Discovered env: /home/arnold/.virtualenvs/virt1/bin/python
2025-03-10 02:47:21.388 [info] Discovered env: /bin/python
2025-03-10 02:47:21.525 [info] Discovered env: /usr/bin/python
2025-03-10 02:47:21.538 [info] Discovered env: /bin/python3
2025-03-10 02:47:21.551 [info] Discovered env: /usr/bin/python3
2025-03-10 02:47:21.558 [info] Discovered env: /bin/python3.13
2025-03-10 02:47:21.568 [info] Discovered env: /usr/bin/python3.13
2025-03-10 02:47:21.589 [info] Env ("/sbin/python") in Path resolved as ResolvedPythonEnv { executable: "/sbin/python", prefix: "/usr", version: "3.13.2.final.0", is64_bit: true, symlinks: Some(["/sbin/python"]) } and reported as Some(GlobalPaths)
2025-03-10 02:47:21.589 [info] Discovered env: /sbin/python
2025-03-10 02:47:21.629 [info] Env ("/usr/sbin/python") in Path resolved as ResolvedPythonEnv { executable: "/usr/sbin/python", prefix: "/usr", version: "3.13.2.final.0", is64_bit: true, symlinks: Some(["/usr/sbin/python"]) } and reported as Some(GlobalPaths)
2025-03-10 02:47:21.630 [info] Discovered env: /usr/sbin/python
2025-03-10 02:47:21.667 [info] Env ("/sbin/python3") in Path resolved as ResolvedPythonEnv { executable: "/sbin/python3", prefix: "/usr", version: "3.13.2.final.0", is64_bit: true, symlinks: Some(["/sbin/python3"]) } and reported as Some(GlobalPaths)
2025-03-10 02:47:21.669 [info] Discovered env: /sbin/python3
2025-03-10 02:47:21.703 [info] Env ("/sbin/python3.13") in Path resolved as ResolvedPythonEnv { executable: "/sbin/python3.13", prefix: "/usr", version: "3.13.2.final.0", is64_bit: true, symlinks: Some(["/sbin/python3.13"]) } and reported as Some(GlobalPaths)
2025-03-10 02:47:21.703 [info] Discovered env: /sbin/python3.13
2025-03-10 02:47:21.738 [info] Env ("/usr/sbin/python3") in Path resolved as ResolvedPythonEnv { executable: "/usr/sbin/python3", prefix: "/usr", version: "3.13.2.final.0", is64_bit: true, symlinks: Some(["/usr/sbin/python3"]) } and reported as Some(GlobalPaths)
2025-03-10 02:47:21.744 [info] Discovered env: /usr/sbin/python3
2025-03-10 02:47:21.777 [info] Env ("/usr/sbin/python3.13") in Path resolved as ResolvedPythonEnv { executable: "/usr/sbin/python3.13", prefix: "/usr", version: "3.13.2.final.0", is64_bit: true, symlinks: Some(["/usr/sbin/python3.13"]) } and reported as Some(GlobalPaths)
2025-03-10 02:47:21.778 [info] Discovered env: /usr/sbin/python3.13
2025-03-10 02:47:21.802 [info] Locator Conda took 1.259247981s
2025-03-10 02:47:21.809 [info] Locator Homebrew took 125.645µs
2025-03-10 02:47:21.813 [info] Locator LinuxGlobal took 1.174233679s
2025-03-10 02:47:21.813 [info] Locator PipEnv took 23.746µs
2025-03-10 02:47:21.813 [info] Locator Pixi took 25.073µs
2025-03-10 02:47:21.814 [info] Locator Poetry took 444.051µs
2025-03-10 02:47:21.814 [info] Locator PyEnv took 23.556277ms
2025-03-10 02:47:21.814 [info] Locator Venv took 21.372µs
2025-03-10 02:47:21.814 [info] Locator VirtualEnv took 23.257µs
2025-03-10 02:47:21.814 [info] Locator VirtualEnvWrapper took 21.651µs
2025-03-10 02:47:21.814 [info] Locator GlobalVirtualEnvs took 839.51402ms
2025-03-10 02:47:21.815 [info] Locator Locators took 1.264582388s
2025-03-10 02:47:21.815 [info] Locator Path took 1.500452258s
2025-03-10 02:47:21.815 [info] Locator Workspaces took 54.599261ms
2025-03-10 02:47:21.817 [info] Refresh completed in 1506ms
2025-03-10 02:47:21.823 [info] Env ("/usr/sbin/python") in Path resolved as ResolvedPythonEnv { executable: "/usr/sbin/python", prefix: "/usr", version: "3.13.2.final.0", is64_bit: true, symlinks: Some(["/usr/sbin/python"]) } and reported as Some(GlobalPaths)
2025-03-10 02:47:21.826 [info] Resolved Python Environment /usr/sbin/python
2025-03-10 02:47:22.339 [info] Resolved Python Environment /home/arnold/.virtualenvs/virt1/bin/python
2025-03-10 02:47:22.393 [info] Resolved /bin/python
2025-03-10 02:47:22.461 [info] Resolved /usr/bin/python
2025-03-10 02:47:22.478 [info] Resolved /bin/python3
2025-03-10 02:47:22.513 [info] Resolved /usr/bin/python3
2025-03-10 02:47:22.594 [info] Resolved /bin/python3.13
2025-03-10 02:47:22.633 [info] Resolved /usr/bin/python3.13
2025-03-10 03:14:00.932 [info] Env ("/usr/sbin/python") in Path resolved as ResolvedPythonEnv { executable: "/usr/sbin/python", prefix: "/usr", version: "3.13.2.final.0", is64_bit: true, symlinks: Some(["/usr/sbin/python"]) } and reported as Some(GlobalPaths)
2025-03-10 03:14:01.013 [info] Resolved Python Environment /usr/sbin/python
