2025-03-10 02:47:23.280 [info] (Client) Pylance async client (2025.3.1) started with python extension (2025.2.0)
2025-03-10 02:47:26.738 [info] [Info  - 2:47:26 AM] (58995) Server root directory: file:///home/arnold/.vscode/extensions/ms-python.vscode-pylance-2025.3.1/dist
2025-03-10 02:47:26.738 [info] [Info  - 2:47:26 AM] (58995) Pylance language server 2025.3.1 (pyright version 1.1.396, commit 3e2236a7) starting
2025-03-10 02:47:26.738 [info] [Info  - 2:47:26 AM] (58995) Starting service instance "wd"
2025-03-10 02:47:27.973 [info] [Info  - 2:47:27 AM] (58995) Setting environmentName for service "wd": "3.13.2 (global)"
2025-03-10 02:47:27.974 [info] [Info  - 2:47:27 AM] (58995) Setting pythonPath for service "wd": "/usr/sbin/python"
2025-03-10 02:47:27.975 [info] [Info  - 2:47:27 AM] (58995) No include entries specified; assuming /home/arnold/wd
2025-03-10 02:47:27.983 [info] [Info  - 2:47:27 AM] (58995) Auto-excluding **/node_modules
2025-03-10 02:47:27.983 [info] [Info  - 2:47:27 AM] (58995) Auto-excluding **/__pycache__
2025-03-10 02:47:27.983 [info] [Info  - 2:47:27 AM] (58995) Auto-excluding **/.*
2025-03-10 02:47:28.221 [info] [Info  - 2:47:28 AM] (58995) Assuming Python version 3.13.2.final.0
2025-03-10 02:47:34.950 [info] [Info  - 2:47:34 AM] (58995) Found 149 source files
2025-03-10 02:47:35.107 [info] [Info  - 2:47:35 AM] (58995) Starting service instance "wd"
2025-03-10 02:47:35.167 [info] [Info  - 2:47:35 AM] (58995) Background analysis(1) root directory: file:///home/arnold/.vscode/extensions/ms-python.vscode-pylance-2025.3.1/dist
2025-03-10 02:47:35.177 [info] [Info  - 2:47:35 AM] (58995) Background analysis(1) started
2025-03-10 02:47:35.459 [info] [Info  - 2:47:35 AM] (58995) Setting environmentName for service "wd": "3.13.2 (global)"
2025-03-10 02:47:35.461 [info] [Info  - 2:47:35 AM] (58995) Setting pythonPath for service "wd": "/home/arnold/.virtualenvs/virt1/bin/python"
2025-03-10 02:47:35.461 [info] [Info  - 2:47:35 AM] (58995) No include entries specified; assuming /home/arnold/wd
2025-03-10 02:47:35.461 [info] [Info  - 2:47:35 AM] (58995) Auto-excluding **/node_modules
2025-03-10 02:47:35.462 [info] [Info  - 2:47:35 AM] (58995) Auto-excluding **/__pycache__
2025-03-10 02:47:35.462 [info] [Info  - 2:47:35 AM] (58995) Auto-excluding **/.*
2025-03-10 02:47:35.595 [info] [Info  - 2:47:35 AM] (58995) Assuming Python version 3.13.2.final.0
2025-03-10 02:47:40.935 [info] [Info  - 2:47:40 AM] (58995) Found 149 source files
2025-03-10 02:47:43.427 [info] [Info  - 2:47:43 AM] (58995) Background analysis(2) root directory: file:///home/arnold/.vscode/extensions/ms-python.vscode-pylance-2025.3.1/dist
2025-03-10 02:47:43.428 [info] [Info  - 2:47:43 AM] (58995) Background analysis(2) started
2025-03-10 02:47:45.084 [info] [Info  - 2:47:45 AM] (58995) Indexer background runner(3) root directory: file:///home/arnold/.vscode/extensions/ms-python.vscode-pylance-2025.3.1/dist (index)
2025-03-10 02:47:45.085 [info] [Info  - 2:47:45 AM] (58995) Indexing(3) started
2025-03-10 02:47:46.049 [info] [Info  - 2:47:46 AM] (58995) [BG(2)] Long operation: SemanticTokens full at file:///home/arnold/wd/programming/python/ArnoldLearnPython/practice_ground.ipynb.py#Y111sZmlsZQ%3D%3D (4897ms)
2025-03-10 02:47:50.891 [info] [Info  - 2:47:50 AM] (58995) [IDX(3)] Long operation: scan packages file:///home/arnold/wd (5388ms)
2025-03-10 02:47:50.891 [info] [Info  - 2:47:50 AM] (58995) scanned(3) 249 files over 1 exec env
2025-03-10 02:47:52.638 [info] [Info  - 2:47:52 AM] (58995) indexed(3) 249 files over 1 exec env
2025-03-10 02:47:52.991 [info] [Info  - 2:47:52 AM] (58995) Indexing finished(3).
