2025-03-10 02:47:10.133 [info] [main] Log level: Info
2025-03-10 02:47:10.133 [info] [main] Validating found git in: "git"
2025-03-10 02:47:10.133 [info] [main] Using git "2.48.1" from "git"
2025-03-10 02:47:10.133 [info] [Model][doInitialScan] Initial repository scan started
2025-03-10 02:47:10.133 [info] > git rev-parse --show-toplevel [4ms]
2025-03-10 02:47:10.133 [info] fatal: not a git repository (or any of the parent directories): .git
2025-03-10 02:47:10.133 [info] > git rev-parse --show-toplevel [5ms]
2025-03-10 02:47:10.133 [info] fatal: not a git repository (or any of the parent directories): .git
2025-03-10 02:47:10.133 [info] > git rev-parse --show-toplevel [9ms]
2025-03-10 02:47:10.133 [info] fatal: not a git repository (or any of the parent directories): .git
2025-03-10 02:47:10.133 [info] > git rev-parse --show-toplevel [10ms]
2025-03-10 02:47:10.133 [info] > git rev-parse --git-dir --git-common-dir [12ms]
2025-03-10 02:47:10.133 [info] [Model][openRepository] Opened repository: /home/arnold/wd/personal_docs
2025-03-10 02:47:10.133 [info] > git rev-parse --show-toplevel [115ms]
2025-03-10 02:47:10.133 [info] fatal: not a git repository (or any of the parent directories): .git
2025-03-10 02:47:10.133 [info] > git config --get commit.template [130ms]
2025-03-10 02:47:10.133 [info] [Git][getRemotes] No remotes found in the git config file
2025-03-10 02:47:10.133 [info] > git rev-parse --show-toplevel [36ms]
2025-03-10 02:47:10.133 [info] fatal: not a git repository (or any of the parent directories): .git
2025-03-10 02:47:10.133 [info] > git for-each-ref --format=%(refname)%00%(upstream:short)%00%(objectname)%00%(upstream:track)%00%(upstream:remotename)%00%(upstream:remoteref) refs/heads/master refs/remotes/master [66ms]
2025-03-10 02:47:10.133 [info] > git for-each-ref --sort -committerdate --format %(refname) %(objectname) %(*objectname) [65ms]
2025-03-10 02:47:10.133 [info] > git rev-parse --show-toplevel [247ms]
2025-03-10 02:47:10.133 [info] fatal: not a git repository (or any of the parent directories): .git
2025-03-10 02:47:10.133 [info] > git status -z -uall [415ms]
2025-03-10 02:47:10.133 [info] > git for-each-ref --format=%(refname)%00%(upstream:short)%00%(objectname)%00%(upstream:track)%00%(upstream:remotename)%00%(upstream:remoteref) refs/heads/master refs/remotes/master [49ms]
2025-03-10 02:47:10.133 [info] > git rev-parse --show-toplevel [172ms]
2025-03-10 02:47:10.133 [info] > git config --get --local branch.master.vscode-merge-base [107ms]
2025-03-10 02:47:10.133 [warning] [Git][config] git config failed: Failed to execute git
2025-03-10 02:47:10.133 [info] > git config --get commit.template [171ms]
2025-03-10 02:47:10.133 [info] > git reflog master --grep-reflog=branch: Created from *. [4654ms]
2025-03-10 02:47:10.133 [info] > git rev-parse --git-dir --git-common-dir [4711ms]
2025-03-10 02:47:10.133 [info] [Model][openRepository] Opened repository: /home/arnold/wd/work
2025-03-10 02:47:10.133 [info] [Model][doInitialScan] Initial repository scan completed - repositories (2), closed repositories (0), parent repositories (0), unsafe repositories (0)
2025-03-10 02:47:10.133 [info] [Git][getRemotes] No remotes found in the git config file
2025-03-10 02:47:10.133 [info] > git rev-parse --show-toplevel [2484ms]
2025-03-10 02:47:10.133 [info] fatal: not a git repository (or any of the parent directories): .git
2025-03-10 02:47:10.133 [info] > git config --get commit.template [2571ms]
2025-03-10 02:47:10.133 [info] > git for-each-ref --format=%(refname)%00%(upstream:short)%00%(objectname)%00%(upstream:track)%00%(upstream:remotename)%00%(upstream:remoteref) refs/heads/master refs/remotes/master [2646ms]
2025-03-10 02:47:10.223 [info] > git status -z -uall [753ms]
2025-03-10 02:47:10.258 [info] > git for-each-ref --sort -committerdate --format %(refname) %(objectname) %(*objectname) [700ms]
2025-03-10 02:47:11.471 [info] > git rev-parse --show-toplevel [1299ms]
2025-03-10 02:47:11.476 [info] fatal: not a git repository (or any of the parent directories): .git
2025-03-10 02:47:12.162 [info] > git for-each-ref --format=%(refname)%00%(upstream:short)%00%(objectname)%00%(upstream:track)%00%(upstream:remotename)%00%(upstream:remoteref) refs/heads/master refs/remotes/master [1214ms]
2025-03-10 02:47:13.332 [warning] [Git][revParse] Unable to read file: ENOENT: no such file or directory, open '/home/arnold/wd/work/.git/refs/remotes/origin/master'
2025-03-10 02:47:13.346 [info] > git rev-parse --show-toplevel [1298ms]
2025-03-10 02:47:13.346 [info] fatal: not a git repository (or any of the parent directories): .git
2025-03-10 02:47:14.618 [info] > git rev-parse refs/remotes/origin/master [1287ms]
2025-03-10 02:47:14.873 [info] > git status -z -uall [187ms]
2025-03-10 02:47:14.880 [info] > git for-each-ref --sort -committerdate --format %(refname) %(objectname) %(*objectname) [133ms]
2025-03-10 02:47:15.015 [info] > git rev-parse --show-toplevel [405ms]
2025-03-10 02:47:15.015 [info] fatal: not a git repository (or any of the parent directories): .git
2025-03-10 02:47:15.240 [info] > git for-each-ref --format=%(refname)%00%(upstream:short)%00%(objectname)%00%(upstream:track)%00%(upstream:remotename)%00%(upstream:remoteref) refs/heads/master refs/remotes/master [240ms]
2025-03-10 02:47:19.066 [info] > git config --get --local branch.master.vscode-merge-base [3787ms]
2025-03-10 02:47:19.103 [info] > git rev-parse --show-toplevel [3899ms]
2025-03-10 02:47:19.103 [info] fatal: not a git repository (or any of the parent directories): .git
2025-03-10 02:47:19.103 [info] > git config --get commit.template [3947ms]
2025-03-10 02:47:19.521 [info] > git for-each-ref --format=%(refname)%00%(upstream:short)%00%(objectname)%00%(upstream:track)%00%(upstream:remotename)%00%(upstream:remoteref) refs/heads/origin/master refs/remotes/origin/master [417ms]
2025-03-10 02:47:19.785 [info] > git rev-parse --show-toplevel [349ms]
2025-03-10 02:47:19.785 [info] fatal: not a git repository (or any of the parent directories): .git
2025-03-10 02:47:19.894 [info] > git for-each-ref --format=%(refname)%00%(upstream:short)%00%(objectname)%00%(upstream:track)%00%(upstream:remotename)%00%(upstream:remoteref) refs/heads/master refs/remotes/master [254ms]
2025-03-10 02:47:19.895 [info] > git merge-base refs/heads/master refs/remotes/origin/master [316ms]
2025-03-10 02:47:20.032 [warning] [Git][revParse] Unable to read file: ENOENT: no such file or directory, open '/home/arnold/wd/work/.git/refs/remotes/origin/master'
2025-03-10 02:47:20.039 [info] > git diff --name-status -z --diff-filter=ADMR 0f16a147375bdda83a03a704ea7b9e187484ac41...refs/remotes/origin/master [103ms]
2025-03-10 02:47:20.095 [info] > git rev-parse refs/remotes/origin/master [62ms]
2025-03-10 02:47:20.394 [info] > git status -z -uall [213ms]
2025-03-10 02:47:20.395 [info] > git for-each-ref --sort -committerdate --format %(refname) %(objectname) %(*objectname) [138ms]
