2025-03-11 20:17:03.347 [info] Extension host with pid 20002 started
2025-03-11 20:17:03.347 [info] Skipping acquiring lock for /home/arnold/.config/Code/User/workspaceStorage/83eb79267c3ed79721ec5476be82802d.
2025-03-11 20:17:03.936 [info] ExtensionService#_doActivateExtension vscode.github-authentication, startup: false, activationEvent: 'onAuthenticationRequest:github'
2025-03-11 20:17:04.187 [info] ExtensionService#_doActivateExtension vscode.ipynb, startup: false, activationEvent: 'onNotebookSerializer:jupyter-notebook'
2025-03-11 20:17:04.329 [info] ExtensionService#_doActivateExtension vscode.emmet, startup: false, activationEvent: 'onLanguage'
2025-03-11 20:17:04.512 [info] ExtensionService#_doActivateExtension quarto.quarto, startup: false, activationEvent: 'onLanguage:quarto'
2025-03-11 20:17:06.884 [info] ExtensionService#_doActivateExtension vscode.git-base, startup: true, activationEvent: '*', root cause: vscode.git
2025-03-11 20:17:07.007 [info] ExtensionService#_doActivateExtension ms-python.python, startup: false, activationEvent: 'api', root cause: quarto.quarto
2025-03-11 20:17:09.773 [info] ExtensionService#_doActivateExtension vscode.git, startup: true, activationEvent: '*'
2025-03-11 20:17:11.422 [info] ExtensionService#_doActivateExtension vscode.github, startup: true, activationEvent: '*'
2025-03-11 20:17:11.802 [info] ExtensionService#_doActivateExtension GitHub.codespaces, startup: false, activationEvent: 'onNotebook:jupyter-notebook'
2025-03-11 20:17:14.671 [info] ExtensionService#_doActivateExtension ms-toolsai.jupyter, startup: false, activationEvent: 'onNotebook:jupyter-notebook'
2025-03-11 20:17:14.677 [info] ExtensionService#_doActivateExtension ms-toolsai.vscode-jupyter-cell-tags, startup: false, activationEvent: 'onNotebook:jupyter-notebook'
2025-03-11 20:17:14.710 [info] ExtensionService#_doActivateExtension ms-toolsai.vscode-jupyter-slideshow, startup: false, activationEvent: 'onNotebook:jupyter-notebook'
2025-03-11 20:17:14.793 [info] ExtensionService#_doActivateExtension REditorSupport.r, startup: true, activationEvent: 'workspaceContains:**/*.{rproj,Rproj,r,R,rd,Rd,rmd,Rmd}'
2025-03-11 20:17:21.348 [info] Eager extensions activated
2025-03-11 20:17:25.161 [info] ExtensionService#_doActivateExtension ms-toolsai.jupyter-renderers, startup: false, activationEvent: 'api', root cause: ms-toolsai.jupyter
2025-03-11 20:17:25.485 [info] ExtensionService#_doActivateExtension ms-python.vscode-pylance, startup: false, activationEvent: 'api', root cause: ms-python.python
2025-03-11 20:17:29.580 [info] ExtensionService#_doActivateExtension vscode.debug-auto-launch, startup: false, activationEvent: 'onStartupFinished'
2025-03-11 20:17:29.630 [info] ExtensionService#_doActivateExtension vscode.merge-conflict, startup: false, activationEvent: 'onStartupFinished'
2025-03-11 20:17:30.017 [info] ExtensionService#_doActivateExtension ms-python.debugpy, startup: false, activationEvent: 'onLanguage:python'
2025-03-11 21:28:42.096 [warning] [Decorations] CAPPING events from decorations provider vscode.git 922
2025-03-11 21:28:43.315 [warning] [Decorations] CAPPING events from decorations provider vscode.git 922
