2025-03-11 04:40:35.058 [info] Reading sessions from keychain...
2025-03-11 04:40:35.058 [info] Getting sessions for all scopes...
2025-03-11 04:40:35.058 [info] Getting sessions for all scopes...
2025-03-11 04:40:35.058 [info] Getting sessions for all scopes...
2025-03-11 04:40:35.058 [info] Got stored sessions!
2025-03-11 04:40:35.058 [info] Got 1 verified sessions.
2025-03-11 04:40:35.058 [info] Got 1 sessions for ...
2025-03-11 04:40:35.058 [info] Got 1 sessions for ...
2025-03-11 04:40:35.058 [info] Got 1 sessions for ...
2025-03-11 04:40:35.058 [info] Getting sessions for all scopes...
2025-03-11 04:40:35.058 [info] Got 1 sessions for ...
2025-03-11 04:40:35.058 [info] Getting sessions for all scopes...
2025-03-11 04:40:35.058 [info] Got 1 sessions for ...
2025-03-11 04:40:35.058 [info] Getting sessions for all scopes...
2025-03-11 04:40:35.058 [info] Got 1 sessions for ...
2025-03-11 04:40:35.058 [info] Getting sessions for all scopes...
2025-03-11 04:40:35.058 [info] Got 1 sessions for ...
2025-03-11 04:40:35.058 [info] Getting sessions for all scopes...
2025-03-11 04:40:35.058 [info] Got 1 sessions for ...
2025-03-11 04:40:49.915 [info] Getting sessions for codespace,read:user,repo,user:email...
2025-03-11 04:40:49.915 [info] Got 0 sessions for codespace,read:user,repo,user:email...
2025-03-11 04:40:56.981 [info] Getting sessions for codespace,read:user,repo,user:email...
2025-03-11 04:40:56.981 [info] Got 0 sessions for codespace,read:user,repo,user:email...
2025-03-11 04:40:57.000 [info] Getting sessions for all scopes...
2025-03-11 04:40:57.000 [info] Got 1 sessions for ...
2025-03-11 04:41:02.593 [info] Getting sessions for read:user,repo,user:email,workflow...
2025-03-11 04:41:02.594 [info] Got 1 sessions for read:user,repo,user:email,workflow...
