2025-03-11 05:50:21.988 [info] Extension host with pid 76023 started
2025-03-11 05:50:21.988 [info] Skipping acquiring lock for /home/arnold/.config/Code/User/workspaceStorage/83eb79267c3ed79721ec5476be82802d.
2025-03-11 05:50:23.482 [info] ExtensionService#_doActivateExtension vscode.github-authentication, startup: false, activationEvent: 'onAuthenticationRequest:github'
2025-03-11 05:50:23.644 [info] ExtensionService#_doActivateExtension vscode.emmet, startup: false, activationEvent: 'onLanguage'
2025-03-11 05:50:23.702 [info] ExtensionService#_doActivateExtension quarto.quarto, startup: false, activationEvent: 'onLanguage:quarto'
2025-03-11 05:50:25.494 [info] ExtensionService#_doActivateExtension vscode.ipynb, startup: false, activationEvent: 'onNotebookSerializer:jupyter-notebook'
2025-03-11 05:50:26.321 [info] ExtensionService#_doActivateExtension vscode.git-base, startup: true, activationEvent: '*', root cause: vscode.git
2025-03-11 05:50:26.405 [info] ExtensionService#_doActivateExtension ms-python.python, startup: false, activationEvent: 'api', root cause: quarto.quarto
2025-03-11 05:50:28.197 [info] ExtensionService#_doActivateExtension vscode.git, startup: true, activationEvent: '*'
2025-03-11 05:50:29.229 [info] ExtensionService#_doActivateExtension vscode.github, startup: true, activationEvent: '*'
2025-03-11 05:50:30.215 [info] ExtensionService#_doActivateExtension GitHub.codespaces, startup: false, activationEvent: 'onNotebook:jupyter-notebook'
2025-03-11 05:50:32.638 [info] ExtensionService#_doActivateExtension ms-toolsai.jupyter, startup: false, activationEvent: 'onNotebook:jupyter-notebook'
2025-03-11 05:50:32.646 [info] ExtensionService#_doActivateExtension ms-toolsai.vscode-jupyter-cell-tags, startup: false, activationEvent: 'onNotebook:jupyter-notebook'
2025-03-11 05:50:32.658 [info] ExtensionService#_doActivateExtension ms-toolsai.vscode-jupyter-slideshow, startup: false, activationEvent: 'onNotebook:jupyter-notebook'
2025-03-11 05:50:32.667 [info] ExtensionService#_doActivateExtension REditorSupport.r, startup: true, activationEvent: 'workspaceContains:**/*.{rproj,Rproj,r,R,rd,Rd,rmd,Rmd}'
2025-03-11 05:50:36.964 [info] Eager extensions activated
2025-03-11 05:50:37.719 [info] ExtensionService#_doActivateExtension ms-python.vscode-pylance, startup: false, activationEvent: 'api', root cause: ms-python.python
2025-03-11 05:50:39.788 [info] ExtensionService#_doActivateExtension ms-toolsai.jupyter-renderers, startup: false, activationEvent: 'api', root cause: ms-toolsai.jupyter
2025-03-11 05:50:39.819 [info] ExtensionService#_doActivateExtension vscode.debug-auto-launch, startup: false, activationEvent: 'onStartupFinished'
2025-03-11 05:50:39.833 [info] ExtensionService#_doActivateExtension vscode.merge-conflict, startup: false, activationEvent: 'onStartupFinished'
2025-03-11 05:50:52.756 [info] ExtensionService#_doActivateExtension ms-python.debugpy, startup: false, activationEvent: 'onLanguage:python'
2025-03-11 05:51:09.416 [info] ExtensionService#_doActivateExtension vscode.extension-editing, startup: false, activationEvent: 'onLanguage:markdown'
2025-03-11 05:51:09.585 [info] ExtensionService#_doActivateExtension vscode.markdown-language-features, startup: false, activationEvent: 'onLanguage:markdown'
2025-03-11 05:51:13.088 [info] ExtensionService#_doActivateExtension vscode.markdown-math, startup: false, activationEvent: 'api', root cause: vscode.markdown-language-features
