2025-03-10 00:46:03.507 [info] [main] Log level: Info
2025-03-10 00:46:03.507 [info] [main] Validating found git in: "git"
2025-03-10 00:46:03.507 [info] [main] Using git "2.48.1" from "git"
2025-03-10 00:46:03.507 [info] [Model][doInitialScan] Initial repository scan started
2025-03-10 00:46:03.507 [info] > git rev-parse --show-toplevel [6ms]
2025-03-10 00:46:03.507 [info] fatal: not a git repository (or any of the parent directories): .git
2025-03-10 00:46:03.507 [info] > git rev-parse --show-toplevel [14ms]
2025-03-10 00:46:03.507 [info] fatal: not a git repository (or any of the parent directories): .git
2025-03-10 00:46:03.508 [info] > git rev-parse --show-toplevel [6ms]
2025-03-10 00:46:03.508 [info] fatal: not a git repository (or any of the parent directories): .git
2025-03-10 00:46:03.508 [info] > git rev-parse --show-toplevel [13ms]
2025-03-10 00:46:03.508 [info] fatal: not a git repository (or any of the parent directories): .git
2025-03-10 00:46:03.508 [info] > git rev-parse --show-toplevel [60ms]
2025-03-10 00:46:03.508 [info] > git rev-parse --git-dir --git-common-dir [31ms]
2025-03-10 00:46:03.508 [info] [Model][openRepository] Opened repository: /home/arnold/wd/work
2025-03-10 00:46:03.508 [info] [Model][doInitialScan] Initial repository scan completed - repositories (1), closed repositories (0), parent repositories (0), unsafe repositories (0)
2025-03-10 00:46:03.517 [info] > git config --get commit.template [100ms]
2025-03-10 00:46:03.525 [info] > git for-each-ref --format=%(refname)%00%(upstream:short)%00%(objectname)%00%(upstream:track)%00%(upstream:remotename)%00%(upstream:remoteref) refs/heads/master refs/remotes/master [30ms]
2025-03-10 00:46:03.561 [warning] [Git][revParse] Unable to read file: ENOENT: no such file or directory, open '/home/arnold/wd/work/.git/refs/remotes/origin/master'
2025-03-10 00:46:03.564 [info] > git rev-parse refs/remotes/origin/master [4ms]
2025-03-10 00:46:03.673 [info] > git status -z -uall [82ms]
2025-03-10 00:46:03.676 [info] > git for-each-ref --sort -committerdate --format %(refname) %(objectname) %(*objectname) [19ms]
2025-03-10 00:46:09.776 [info] > git for-each-ref --format=%(refname)%00%(upstream:short)%00%(objectname)%00%(upstream:track)%00%(upstream:remotename)%00%(upstream:remoteref) refs/heads/master refs/remotes/master [5744ms]
2025-03-10 00:46:11.662 [info] > git config --get --local branch.master.vscode-merge-base [1844ms]
2025-03-10 00:46:11.775 [info] > git config --get commit.template [2006ms]
2025-03-10 00:46:12.817 [info] > git for-each-ref --format=%(refname)%00%(upstream:short)%00%(objectname)%00%(upstream:track)%00%(upstream:remotename)%00%(upstream:remoteref) refs/heads/origin/master refs/remotes/origin/master [1060ms]
2025-03-10 00:46:12.915 [info] > git rev-parse --show-toplevel [1294ms]
2025-03-10 00:46:12.915 [info] fatal: not a git repository (or any of the parent directories): .git
2025-03-10 00:46:14.585 [info] > git merge-base refs/heads/master refs/remotes/origin/master [1679ms]
2025-03-10 00:46:15.814 [info] > git diff --name-status -z --diff-filter=ADMR 0f16a147375bdda83a03a704ea7b9e187484ac41...refs/remotes/origin/master [1212ms]
2025-03-10 00:46:15.818 [info] > git rev-parse --show-toplevel [1252ms]
2025-03-10 00:46:15.818 [info] fatal: not a git repository (or any of the parent directories): .git
2025-03-10 00:46:15.820 [info] > git for-each-ref --format=%(refname)%00%(upstream:short)%00%(objectname)%00%(upstream:track)%00%(upstream:remotename)%00%(upstream:remoteref) refs/heads/master refs/remotes/master [1276ms]
2025-03-10 00:46:19.822 [warning] [Git][revParse] Unable to read file: ENOENT: no such file or directory, open '/home/arnold/wd/work/.git/refs/remotes/origin/master'
2025-03-10 00:46:23.836 [info] > git rev-parse refs/remotes/origin/master [4009ms]
2025-03-10 00:46:23.937 [info] > git rev-parse --show-toplevel [4132ms]
2025-03-10 00:46:23.938 [info] fatal: not a git repository (or any of the parent directories): .git
2025-03-10 00:46:24.012 [info] > git status -z -uall [136ms]
2025-03-10 00:46:24.017 [info] > git for-each-ref --sort -committerdate --format %(refname) %(objectname) %(*objectname) [82ms]
2025-03-10 00:46:24.095 [info] > git rev-parse --show-toplevel [79ms]
2025-03-10 00:46:24.095 [info] fatal: not a git repository (or any of the parent directories): .git
