2025-03-11 04:52:28.262 [error] #1: https://www.vscode-unpkg.net/_gallery/github/codespaces/latest - error GET Offline
2025-03-11 04:52:28.265 [error] #2: https://www.vscode-unpkg.net/_gallery/james-yu/latex-workshop/latest - error GET Offline
2025-03-11 04:52:28.270 [error] #3: https://www.vscode-unpkg.net/_gallery/ms-python/debugpy/latest - error GET Offline
2025-03-11 04:52:28.270 [error] #4: https://www.vscode-unpkg.net/_gallery/ms-python/python/latest - error GET Offline
2025-03-11 04:52:28.280 [error] #5: https://www.vscode-unpkg.net/_gallery/ms-python/vscode-pylance/latest - error GET Offline
2025-03-11 04:52:28.281 [error] #6: https://www.vscode-unpkg.net/_gallery/ms-toolsai/jupyter/latest - error GET Offline
2025-03-11 04:52:28.286 [error] #7: https://www.vscode-unpkg.net/_gallery/ms-toolsai/jupyter-keymap/latest - error GET Offline
2025-03-11 04:52:28.287 [error] #10: https://www.vscode-unpkg.net/_gallery/ms-toolsai/vscode-jupyter-slideshow/latest - error GET Offline
2025-03-11 04:52:28.293 [error] #9: https://www.vscode-unpkg.net/_gallery/ms-toolsai/vscode-jupyter-cell-tags/latest - error GET Offline
2025-03-11 04:52:28.294 [error] #8: https://www.vscode-unpkg.net/_gallery/ms-toolsai/jupyter-renderers/latest - error GET Offline
2025-03-11 04:52:28.299 [error] #11: https://www.vscode-unpkg.net/_gallery/quarto/quarto/latest - error GET Offline
2025-03-11 04:52:28.304 [error] #12: https://www.vscode-unpkg.net/_gallery/reditorsupport/r/latest - error GET Offline
2025-03-11 04:52:28.360 [error] #13: https://marketplace.visualstudio.com/_apis/public/gallery/extensionquery - error POST Offline
2025-03-11 04:52:30.799 [error] #14: https://api.github.com/copilot_internal/user - error GET Offline
2025-03-11 04:52:35.530 [error] #15: https://main.vscode-cdn.net/extensions/chat.json - error GET Offline
2025-03-11 04:57:35.562 [error] #16: https://main.vscode-cdn.net/extensions/chat.json - error GET Offline
2025-03-11 05:02:35.578 [error] #17: https://main.vscode-cdn.net/extensions/chat.json - error GET Offline
2025-03-11 05:07:35.587 [error] #18: https://main.vscode-cdn.net/extensions/chat.json - error GET Offline
2025-03-11 05:12:35.601 [error] #19: https://main.vscode-cdn.net/extensions/chat.json - error GET Offline
2025-03-11 05:17:35.609 [error] #20: https://main.vscode-cdn.net/extensions/chat.json - error GET Offline
2025-03-11 05:22:35.621 [error] #21: https://main.vscode-cdn.net/extensions/chat.json - error GET Offline
2025-03-11 05:27:35.634 [error] #22: https://main.vscode-cdn.net/extensions/chat.json - error GET Offline
2025-03-11 05:32:35.657 [error] #23: https://main.vscode-cdn.net/extensions/chat.json - error GET Offline
2025-03-11 05:37:35.676 [error] #24: https://main.vscode-cdn.net/extensions/chat.json - error GET Offline
2025-03-11 05:42:35.687 [error] #25: https://main.vscode-cdn.net/extensions/chat.json - error GET Offline
