2025-03-11 04:52:21.601 [info] Started local extension host with pid 69983.
2025-03-11 04:52:28.263 [error] Error while getting the latest version for the extension github.codespaces. Offline
2025-03-11 04:52:28.266 [error] Error while getting the latest version for the extension james-yu.latex-workshop. Offline
2025-03-11 04:52:28.270 [error] Error while getting the latest version for the extension ms-python.debugpy. Offline
2025-03-11 04:52:28.271 [error] Error while getting the latest version for the extension ms-python.python. Offline
2025-03-11 04:52:28.280 [error] Error while getting the latest version for the extension ms-python.vscode-pylance. Offline
2025-03-11 04:52:28.281 [error] Error while getting the latest version for the extension ms-toolsai.jupyter. Offline
2025-03-11 04:52:28.286 [error] Error while getting the latest version for the extension ms-toolsai.jupyter-keymap. Offline
2025-03-11 04:52:28.292 [error] Error while getting the latest version for the extension ms-toolsai.vscode-jupyter-slideshow. Offline
2025-03-11 04:52:28.293 [error] Error while getting the latest version for the extension ms-toolsai.vscode-jupyter-cell-tags. Offline
2025-03-11 04:52:28.298 [error] Error while getting the latest version for the extension ms-toolsai.jupyter-renderers. Offline
2025-03-11 04:52:28.299 [error] Error while getting the latest version for the extension quarto.quarto. Offline
2025-03-11 04:52:28.305 [error] Error while getting the latest version for the extension reditorsupport.r. Offline
2025-03-11 04:52:29.536 [info] Settings Sync: Account status changed from uninitialized to unavailable
2025-03-11 04:52:30.799 [error] [chat setup] request: error Offline: Offline
2025-03-11 04:52:35.539 [warning] Failed to fetch chat participant registry Offline
2025-03-11 04:52:49.246 [info] [perf] Render performance baseline is -1ms
2025-03-11 04:52:56.297 [info] Extension host (LocalProcess pid: 69983) is unresponsive.
2025-03-11 04:52:56.878 [info] Extension host (LocalProcess pid: 69983) is responsive.
2025-03-11 04:57:35.563 [warning] Failed to fetch chat participant registry Offline
2025-03-11 05:02:35.578 [warning] Failed to fetch chat participant registry Offline
2025-03-11 05:07:35.588 [warning] Failed to fetch chat participant registry Offline
2025-03-11 05:12:35.602 [warning] Failed to fetch chat participant registry Offline
2025-03-11 05:16:11.734 [error] No default agent contributed: CodeExpectedError: No default agent contributed
    at FXe.U (vscode-file://vscode-app/opt/visual-studio-code/resources/app/out/vs/workbench/workbench.desktop.main.js:1960:25292)
2025-03-11 05:17:35.610 [warning] Failed to fetch chat participant registry Offline
2025-03-11 05:20:36.984 [error] An unknown error occurred. Please consult the log for more details.
2025-03-11 05:22:35.622 [warning] Failed to fetch chat participant registry Offline
2025-03-11 05:24:00.877 [error] Illegal value for lineNumber: Error: Illegal value for lineNumber
    at Cf.getLineMaxColumn (vscode-file://vscode-app/opt/visual-studio-code/resources/app/out/vs/workbench/workbench.desktop.main.js:253:112)
    at vscode-file://vscode-app/opt/visual-studio-code/resources/app/out/vs/workbench/workbench.desktop.main.js:2001:13251
    at HI._computeFn (vscode-file://vscode-app/opt/visual-studio-code/resources/app/out/vs/workbench/workbench.desktop.main.js:31:24260)
    at HI.q (vscode-file://vscode-app/opt/visual-studio-code/resources/app/out/vs/workbench/workbench.desktop.main.js:31:25793)
    at HI.get (vscode-file://vscode-app/opt/visual-studio-code/resources/app/out/vs/workbench/workbench.desktop.main.js:31:25545)
    at HI.reportChanges (vscode-file://vscode-app/opt/visual-studio-code/resources/app/out/vs/workbench/workbench.desktop.main.js:31:15998)
    at rse.endUpdate (vscode-file://vscode-app/opt/visual-studio-code/resources/app/out/vs/workbench/workbench.desktop.main.js:31:22892)
    at HI.endUpdate (vscode-file://vscode-app/opt/visual-studio-code/resources/app/out/vs/workbench/workbench.desktop.main.js:31:26591)
    at _5.finish (vscode-file://vscode-app/opt/visual-studio-code/resources/app/out/vs/workbench/workbench.desktop.main.js:31:17858)
    at Hi (vscode-file://vscode-app/opt/visual-studio-code/resources/app/out/vs/workbench/workbench.desktop.main.js:31:17251)
2025-03-11 05:27:35.635 [warning] Failed to fetch chat participant registry Offline
2025-03-11 05:32:35.658 [warning] Failed to fetch chat participant registry Offline
2025-03-11 05:37:35.676 [warning] Failed to fetch chat participant registry Offline
2025-03-11 05:42:35.687 [warning] Failed to fetch chat participant registry Offline
