2025-03-11 05:50:25.120 [error] #1: https://www.vscode-unpkg.net/_gallery/github/codespaces/latest - error GET Offline
2025-03-11 05:50:25.135 [error] #2: https://www.vscode-unpkg.net/_gallery/james-yu/latex-workshop/latest - error GET Offline
2025-03-11 05:50:25.139 [error] #3: https://www.vscode-unpkg.net/_gallery/ms-python/debugpy/latest - error GET Offline
2025-03-11 05:50:25.143 [error] #5: https://www.vscode-unpkg.net/_gallery/ms-python/vscode-pylance/latest - error GET Offline
2025-03-11 05:50:25.147 [error] #12: https://www.vscode-unpkg.net/_gallery/reditorsupport/r/latest - error GET Offline
2025-03-11 05:50:25.156 [error] #4: https://www.vscode-unpkg.net/_gallery/ms-python/python/latest - error GET Offline
2025-03-11 05:50:25.157 [error] #6: https://www.vscode-unpkg.net/_gallery/ms-toolsai/jupyter/latest - error GET Offline
2025-03-11 05:50:25.159 [error] #7: https://www.vscode-unpkg.net/_gallery/ms-toolsai/jupyter-keymap/latest - error GET Offline
2025-03-11 05:50:25.163 [error] #8: https://www.vscode-unpkg.net/_gallery/ms-toolsai/jupyter-renderers/latest - error GET Offline
2025-03-11 05:50:25.167 [error] #9: https://www.vscode-unpkg.net/_gallery/ms-toolsai/vscode-jupyter-cell-tags/latest - error GET Offline
2025-03-11 05:50:25.168 [error] #10: https://www.vscode-unpkg.net/_gallery/ms-toolsai/vscode-jupyter-slideshow/latest - error GET Offline
2025-03-11 05:50:25.172 [error] #11: https://www.vscode-unpkg.net/_gallery/quarto/quarto/latest - error GET Offline
2025-03-11 05:50:25.235 [error] #13: https://marketplace.visualstudio.com/_apis/public/gallery/extensionquery - error POST Offline
2025-03-11 05:50:28.578 [error] #14: https://api.github.com/copilot_internal/user - error GET Offline
2025-03-11 05:50:32.081 [error] #15: https://main.vscode-cdn.net/extensions/chat.json - error GET Offline
2025-03-11 05:55:32.108 [error] #16: https://main.vscode-cdn.net/extensions/chat.json - error GET Offline
2025-03-11 06:00:34.213 [error] #17: https://main.vscode-cdn.net/extensions/chat.json - error GET Failed to fetch
2025-03-11 06:05:35.627 [error] #18: https://main.vscode-cdn.net/extensions/chat.json - error GET Failed to fetch
2025-03-11 06:10:36.489 [error] #19: https://main.vscode-cdn.net/extensions/chat.json - error GET Failed to fetch
2025-03-11 06:15:37.225 [error] #20: https://main.vscode-cdn.net/extensions/chat.json - error GET Failed to fetch
2025-03-11 06:20:38.157 [error] #21: https://main.vscode-cdn.net/extensions/chat.json - error GET Failed to fetch
2025-03-11 06:25:41.501 [error] #22: https://main.vscode-cdn.net/extensions/chat.json - error GET Failed to fetch
2025-03-11 06:30:44.531 [error] #23: https://main.vscode-cdn.net/extensions/chat.json - error GET Failed to fetch
2025-03-11 06:35:44.543 [error] #24: https://main.vscode-cdn.net/extensions/chat.json - error GET Failed to fetch
