2025-03-11 04:45:19.994 [info] Reading sessions from keychain...
2025-03-11 04:45:19.994 [info] Getting sessions for all scopes...
2025-03-11 04:45:19.994 [info] Getting sessions for all scopes...
2025-03-11 04:45:20.056 [info] Getting sessions for all scopes...
2025-03-11 04:45:20.056 [info] Getting sessions for all scopes...
2025-03-11 04:45:20.057 [info] Getting sessions for all scopes...
2025-03-11 04:45:20.061 [info] Getting sessions for all scopes...
2025-03-11 04:45:20.062 [info] Getting sessions for all scopes...
2025-03-11 04:45:20.105 [info] Got stored sessions!
2025-03-11 04:45:20.106 [info] Got 1 verified sessions.
2025-03-11 04:45:20.106 [info] Got 1 sessions for ...
2025-03-11 04:45:20.106 [info] Got 1 sessions for ...
2025-03-11 04:45:20.106 [info] Got 1 sessions for ...
2025-03-11 04:45:20.106 [info] Got 1 sessions for ...
2025-03-11 04:45:20.106 [info] Got 1 sessions for ...
2025-03-11 04:45:20.106 [info] Got 1 sessions for ...
2025-03-11 04:45:20.106 [info] Got 1 sessions for ...
2025-03-11 04:45:35.846 [info] Getting sessions for all scopes...
2025-03-11 04:45:35.847 [info] Got 1 sessions for ...
2025-03-11 04:45:38.723 [info] Getting sessions for codespace,read:user,repo,user:email...
2025-03-11 04:45:38.723 [info] Got 0 sessions for codespace,read:user,repo,user:email...
2025-03-11 04:45:43.415 [info] Getting sessions for codespace,read:user,repo,user:email...
2025-03-11 04:45:43.415 [info] Got 0 sessions for codespace,read:user,repo,user:email...
2025-03-11 04:45:44.284 [info] Getting sessions for read:user,repo,user:email,workflow...
2025-03-11 04:45:44.285 [info] Got 1 sessions for read:user,repo,user:email,workflow...
