2025-03-11 05:50:57.189 [info] (Client) Pylance async client (2025.3.1) started with python extension (2025.2.0)
2025-03-11 05:51:02.929 [info] [Info  - 5:51:02 AM] (76432) Server root directory: file:///home/arnold/.vscode/extensions/ms-python.vscode-pylance-2025.3.1/dist
2025-03-11 05:51:02.930 [info] [Info  - 5:51:02 AM] (76432) Pylance language server 2025.3.1 (pyright version 1.1.396, commit 3e2236a7) starting
2025-03-11 05:51:02.933 [info] [Info  - 5:51:02 AM] (76432) Starting service instance "wd"
2025-03-11 05:51:04.724 [info] [Info  - 5:51:04 AM] (76432) Setting environmentName for service "wd": "3.13.2 (global)"
2025-03-11 05:51:04.730 [info] [Info  - 5:51:04 AM] (76432) Setting pythonPath for service "wd": "/sbin/python"
2025-03-11 05:51:04.730 [info] [Info  - 5:51:04 AM] (76432) No include entries specified; assuming /home/arnold/wd
2025-03-11 05:51:04.734 [info] [Info  - 5:51:04 AM] (76432) Auto-excluding **/node_modules
2025-03-11 05:51:04.735 [info] [Info  - 5:51:04 AM] (76432) Auto-excluding **/__pycache__
2025-03-11 05:51:04.735 [info] [Info  - 5:51:04 AM] (76432) Auto-excluding **/.*
2025-03-11 05:51:04.929 [info] [Info  - 5:51:04 AM] (76432) Assuming Python version 3.13.2.final.0
2025-03-11 05:51:15.161 [info] [Info  - 5:51:15 AM] (76432) Found 149 source files
2025-03-11 05:51:15.290 [info] [Info  - 5:51:15 AM] (76432) Starting service instance "wd"
2025-03-11 05:51:15.331 [info] [Info  - 5:51:15 AM] (76432) Background analysis(1) root directory: file:///home/arnold/.vscode/extensions/ms-python.vscode-pylance-2025.3.1/dist
2025-03-11 05:51:15.336 [info] [Info  - 5:51:15 AM] (76432) Background analysis(1) started
2025-03-11 05:51:15.801 [info] [Info  - 5:51:15 AM] (76432) Setting environmentName for service "wd": "3.13.2 (global)"
2025-03-11 05:51:15.802 [info] [Info  - 5:51:15 AM] (76432) Setting pythonPath for service "wd": "/home/arnold/.virtualenvs/virt1/bin/python"
2025-03-11 05:51:15.802 [info] [Info  - 5:51:15 AM] (76432) No include entries specified; assuming /home/arnold/wd
2025-03-11 05:51:15.805 [info] [Info  - 5:51:15 AM] (76432) Auto-excluding **/node_modules
2025-03-11 05:51:15.807 [info] [Info  - 5:51:15 AM] (76432) Auto-excluding **/__pycache__
2025-03-11 05:51:15.809 [info] [Info  - 5:51:15 AM] (76432) Auto-excluding **/.*
2025-03-11 05:51:16.165 [info] [Info  - 5:51:16 AM] (76432) Assuming Python version 3.13.2.final.0
2025-03-11 05:51:21.766 [info] [Info  - 5:51:21 AM] (76432) Found 149 source files
2025-03-11 05:51:24.796 [info] [Info  - 5:51:24 AM] (76432) Background analysis(2) root directory: file:///home/arnold/.vscode/extensions/ms-python.vscode-pylance-2025.3.1/dist
2025-03-11 05:51:24.798 [info] [Info  - 5:51:24 AM] (76432) Background analysis(2) started
2025-03-11 05:51:24.801 [info] [Info  - 5:51:24 AM] (76432) [BG(2)] Long operation: SemanticTokens full at file:///home/arnold/wd/programming/python/ArnoldLearnPython/practice_ground.ipynb.py#X42sZmlsZQ%3D%3D (2649ms)
2025-03-11 05:51:26.118 [info] [Info  - 5:51:26 AM] (76432) Indexer background runner(3) root directory: file:///home/arnold/.vscode/extensions/ms-python.vscode-pylance-2025.3.1/dist (index)
2025-03-11 05:51:26.119 [info] [Info  - 5:51:26 AM] (76432) Indexing(3) started
2025-03-11 05:51:30.395 [info] [Info  - 5:51:30 AM] (76432) [BG(2)] Long operation: analyzing: file:///home/arnold/wd/programming/python/ArnoldLearnPython/practice_ground.ipynb.py#pylancePrefixCell (3592ms)
2025-03-11 05:51:32.700 [info] [Info  - 5:51:32 AM] (76432) [IDX(3)] Long operation: scan packages file:///home/arnold/wd (6109ms)
2025-03-11 05:51:32.701 [info] [Info  - 5:51:32 AM] (76432) scanned(3) 249 files over 1 exec env
2025-03-11 05:51:34.560 [info] [Info  - 5:51:34 AM] (76432) indexed(3) 249 files over 1 exec env
2025-03-11 05:51:35.177 [info] [Info  - 5:51:35 AM] (76432) Indexing finished(3).
