2025-03-12 13:22:22.689 [info] Reading sessions from keychain...
2025-03-12 13:22:22.689 [info] Getting sessions for all scopes...
2025-03-12 13:22:22.689 [info] Getting sessions for all scopes...
2025-03-12 13:22:22.716 [info] Getting sessions for all scopes...
2025-03-12 13:22:22.717 [info] Getting sessions for all scopes...
2025-03-12 13:22:22.717 [info] Getting sessions for all scopes...
2025-03-12 13:22:22.717 [info] Getting sessions for all scopes...
2025-03-12 13:22:22.717 [info] Getting sessions for all scopes...
2025-03-12 13:22:24.741 [info] Got stored sessions!
2025-03-12 13:22:24.741 [info] Got 1 verified sessions.
2025-03-12 13:22:24.741 [info] Got 1 sessions for ...
2025-03-12 13:22:24.741 [info] Got 1 sessions for ...
2025-03-12 13:22:24.741 [info] Got 1 sessions for ...
2025-03-12 13:22:24.741 [info] Got 1 sessions for ...
2025-03-12 13:22:24.741 [info] Got 1 sessions for ...
2025-03-12 13:22:24.741 [info] Got 1 sessions for ...
2025-03-12 13:22:24.741 [info] Got 1 sessions for ...
2025-03-12 13:22:24.834 [info] Getting sessions for all scopes...
2025-03-12 13:22:24.834 [info] Got 1 sessions for ...
2025-03-12 13:22:49.362 [info] Getting sessions for all scopes...
2025-03-12 13:22:49.366 [info] Got 1 sessions for ...
2025-03-12 13:22:49.411 [info] Getting sessions for codespace,read:user,repo,user:email...
2025-03-12 13:22:49.412 [info] Got 0 sessions for codespace,read:user,repo,user:email...
2025-03-12 13:22:50.606 [info] Getting sessions for codespace,read:user,repo,user:email...
2025-03-12 13:22:50.606 [info] Got 0 sessions for codespace,read:user,repo,user:email...
2025-03-12 13:22:52.573 [info] Getting sessions for read:user,repo,user:email,workflow...
2025-03-12 13:22:52.573 [info] Got 1 sessions for read:user,repo,user:email,workflow...
2025-03-12 13:23:00.957 [info] Getting sessions for read:user,repo,user:email,workflow...
2025-03-12 13:23:00.957 [info] Got 1 sessions for read:user,repo,user:email,workflow...
