2025-03-11 05:50:26.366 [info] Reading sessions from keychain...
2025-03-11 05:50:26.366 [info] Getting sessions for all scopes...
2025-03-11 05:50:26.366 [info] Getting sessions for all scopes...
2025-03-11 05:50:26.366 [info] Getting sessions for all scopes...
2025-03-11 05:50:26.366 [info] Getting sessions for all scopes...
2025-03-11 05:50:26.366 [info] Getting sessions for all scopes...
2025-03-11 05:50:26.366 [info] Getting sessions for all scopes...
2025-03-11 05:50:26.366 [info] Getting sessions for all scopes...
2025-03-11 05:50:28.078 [info] Got stored sessions!
2025-03-11 05:50:28.078 [info] Got 1 verified sessions.
2025-03-11 05:50:28.078 [info] Got 1 sessions for ...
2025-03-11 05:50:28.078 [info] Got 1 sessions for ...
2025-03-11 05:50:28.078 [info] Got 1 sessions for ...
2025-03-11 05:50:28.078 [info] Got 1 sessions for ...
2025-03-11 05:50:28.078 [info] Got 1 sessions for ...
2025-03-11 05:50:28.078 [info] Got 1 sessions for ...
2025-03-11 05:50:28.078 [info] Got 1 sessions for ...
2025-03-11 05:50:29.422 [info] Getting sessions for all scopes...
2025-03-11 05:50:29.422 [info] Got 1 sessions for ...
2025-03-11 05:50:35.118 [info] Getting sessions for all scopes...
2025-03-11 05:50:35.118 [info] Got 1 sessions for ...
2025-03-11 05:50:40.509 [info] Getting sessions for codespace,read:user,repo,user:email...
2025-03-11 05:50:40.512 [info] Got 0 sessions for codespace,read:user,repo,user:email...
2025-03-11 05:50:40.880 [info] Getting sessions for codespace,read:user,repo,user:email...
2025-03-11 05:50:40.880 [info] Got 0 sessions for codespace,read:user,repo,user:email...
2025-03-11 05:50:55.069 [info] Getting sessions for read:user,repo,user:email,workflow...
2025-03-11 05:50:55.069 [info] Got 1 sessions for read:user,repo,user:email,workflow...
