2025-03-11 04:52:30.154 [info] Reading sessions from keychain...
2025-03-11 04:52:30.154 [info] Getting sessions for all scopes...
2025-03-11 04:52:30.154 [info] Getting sessions for all scopes...
2025-03-11 04:52:30.154 [info] Getting sessions for all scopes...
2025-03-11 04:52:30.154 [info] Getting sessions for all scopes...
2025-03-11 04:52:30.154 [info] Getting sessions for all scopes...
2025-03-11 04:52:30.154 [info] Getting sessions for all scopes...
2025-03-11 04:52:30.154 [info] Getting sessions for all scopes...
2025-03-11 04:52:30.154 [info] Getting sessions for all scopes...
2025-03-11 04:52:30.154 [info] Got stored sessions!
2025-03-11 04:52:30.154 [info] Got 1 verified sessions.
2025-03-11 04:52:30.154 [info] Got 1 sessions for ...
2025-03-11 04:52:30.154 [info] Got 1 sessions for ...
2025-03-11 04:52:30.154 [info] Got 1 sessions for ...
2025-03-11 04:52:30.154 [info] Got 1 sessions for ...
2025-03-11 04:52:30.154 [info] Got 1 sessions for ...
2025-03-11 04:52:30.154 [info] Got 1 sessions for ...
2025-03-11 04:52:30.154 [info] Got 1 sessions for ...
2025-03-11 04:52:30.154 [info] Got 1 sessions for ...
2025-03-11 04:52:38.817 [info] Getting sessions for all scopes...
2025-03-11 04:52:38.817 [info] Got 1 sessions for ...
2025-03-11 04:52:46.160 [info] Getting sessions for codespace,read:user,repo,user:email...
2025-03-11 04:52:46.160 [info] Got 0 sessions for codespace,read:user,repo,user:email...
2025-03-11 04:52:48.927 [info] Getting sessions for codespace,read:user,repo,user:email...
2025-03-11 04:52:48.927 [info] Got 0 sessions for codespace,read:user,repo,user:email...
2025-03-11 04:52:56.997 [info] Getting sessions for read:user,repo,user:email,workflow...
2025-03-11 04:52:56.997 [info] Got 1 sessions for read:user,repo,user:email,workflow...
