2025-03-10 14:32:49.190 [info] [main] Log level: Info
2025-03-10 14:32:49.190 [info] [main] Validating found git in: "git"
2025-03-10 14:32:49.190 [info] [main] Using git "2.48.1" from "git"
2025-03-10 14:32:49.190 [info] [Model][doInitialScan] Initial repository scan started
2025-03-10 14:32:49.190 [info] > git rev-parse --show-toplevel [20ms]
2025-03-10 14:32:49.190 [info] > git rev-parse --git-dir --git-common-dir [18ms]
2025-03-10 14:32:49.190 [info] [Model][openRepository] Opened repository: /home/arnold/.config
2025-03-10 14:32:49.196 [info] > git config --get commit.template [26ms]
2025-03-10 14:32:49.274 [info] [Git][getRemotes] No remotes found in the git config file
2025-03-10 14:32:49.286 [info] > git for-each-ref --format=%(refname)%00%(upstream:short)%00%(objectname)%00%(upstream:track)%00%(upstream:remotename)%00%(upstream:remoteref) refs/heads/master refs/remotes/master [13ms]
2025-03-10 14:32:49.286 [warning] [Git][getBranch] No such branch: master
2025-03-10 14:32:49.511 [info] > git status -z -uall [188ms]
2025-03-10 14:32:49.511 [info] > git for-each-ref --sort -committerdate --format %(refname) %(objectname) %(*objectname) [117ms]
2025-03-10 14:32:50.127 [info] > git for-each-ref --format=%(refname)%00%(upstream:short)%00%(objectname)%00%(upstream:track)%00%(upstream:remotename)%00%(upstream:remoteref) refs/heads/master refs/remotes/master [497ms]
2025-03-10 14:32:50.129 [warning] [Git][getBranch] No such branch: master
2025-03-10 14:32:50.134 [error] [GitHistoryProvider][resolveHEADMergeBase] Failed to resolve merge base for master: Error: No such branch: master.
2025-03-10 14:32:50.142 [info] > git config --get commit.template [18ms]
2025-03-10 14:32:50.153 [info] [Git][getRemotes] No remotes found in the git config file
2025-03-10 14:32:50.157 [info] > git for-each-ref --format=%(refname)%00%(upstream:short)%00%(objectname)%00%(upstream:track)%00%(upstream:remotename)%00%(upstream:remoteref) refs/heads/master refs/remotes/master [4ms]
2025-03-10 14:32:50.157 [warning] [Git][getBranch] No such branch: master
2025-03-10 14:32:50.208 [info] > git status -z -uall [42ms]
2025-03-10 14:32:50.209 [info] > git for-each-ref --sort -committerdate --format %(refname) %(objectname) %(*objectname) [22ms]
2025-03-10 14:32:50.272 [info] > git rev-parse --show-toplevel [5ms]
2025-03-10 14:32:50.295 [info] > git rev-parse --show-toplevel [6ms]
2025-03-10 14:32:50.311 [info] > git rev-parse --show-toplevel [4ms]
2025-03-10 14:32:50.687 [info] > git rev-parse --show-toplevel [354ms]
2025-03-10 14:32:50.896 [info] > git log --format=%H%n%aN%n%aE%n%at%n%ct%n%P%n%D%n%B -z --shortstat --diff-merges=first-parent -n50 --skip=0 --topo-order --decorate=full --stdin [16ms]
2025-03-10 14:32:50.897 [info] fatal: bad revision 'refs/heads/master'
2025-03-10 14:32:50.898 [error] [GitHistoryProvider][provideHistoryItems] Failed to get history items with options '{"historyItemRefs":["refs/heads/master"],"limit":50,"skip":0}': Failed to execute git {
  "exitCode": 128,
  "gitCommand": "log",
  "stdout": "",
  "stderr": "fatal: bad revision 'refs/heads/master'\n"
}
2025-03-10 14:32:50.899 [info] > git rev-parse --show-toplevel [105ms]
2025-03-10 14:32:50.912 [info] > git rev-parse --show-toplevel [4ms]
2025-03-10 14:32:50.931 [info] > git rev-parse --show-toplevel [3ms]
2025-03-10 14:32:50.961 [info] > git rev-parse --show-toplevel [11ms]
2025-03-10 14:32:50.979 [info] > git rev-parse --show-toplevel [5ms]
2025-03-10 14:32:51.006 [info] > git rev-parse --show-toplevel [6ms]
2025-03-10 14:32:51.078 [info] > git rev-parse --show-toplevel [50ms]
2025-03-10 14:32:51.110 [info] > git rev-parse --show-toplevel [16ms]
2025-03-10 14:32:51.134 [info] > git rev-parse --show-toplevel [4ms]
2025-03-10 14:32:51.162 [info] > git rev-parse --show-toplevel [18ms]
2025-03-10 14:32:51.194 [info] > git rev-parse --show-toplevel [8ms]
2025-03-10 14:32:51.217 [info] > git rev-parse --git-dir --git-common-dir [6ms]
2025-03-10 14:32:51.230 [info] [Model][openRepository] Opened repository: /home/arnold/.config/nvim
2025-03-10 14:32:51.260 [info] > git config --get commit.template [17ms]
2025-03-10 14:32:51.266 [info] > git rev-parse --show-toplevel [9ms]
2025-03-10 14:32:51.306 [info] > git for-each-ref --format=%(refname)%00%(upstream:short)%00%(objectname)%00%(upstream:track)%00%(upstream:remotename)%00%(upstream:remoteref) refs/heads/main refs/remotes/main [22ms]
2025-03-10 14:32:51.312 [info] > git rev-parse --show-toplevel [10ms]
2025-03-10 14:32:51.334 [warning] [Git][revParse] Unable to read file: ENOENT: no such file or directory, open '/home/arnold/.config/nvim/.git/refs/remotes/origin/main'
2025-03-10 14:32:51.355 [info] > git rev-parse refs/remotes/origin/main [21ms]
2025-03-10 14:32:51.447 [info] > git status -z -uall [65ms]
2025-03-10 14:32:51.451 [info] > git check-ignore -v -z --stdin [6ms]
2025-03-10 14:32:51.457 [info] > git for-each-ref --sort -committerdate --format %(refname) %(objectname) %(*objectname) [32ms]
2025-03-10 14:32:51.529 [info] > git rev-parse --show-toplevel [180ms]
2025-03-10 14:32:51.592 [info] > git for-each-ref --format=%(refname)%00%(upstream:short)%00%(objectname)%00%(upstream:track)%00%(upstream:remotename)%00%(upstream:remoteref) refs/heads/main refs/remotes/main [74ms]
2025-03-10 14:32:51.627 [info] > git rev-parse --show-toplevel [36ms]
2025-03-10 14:32:51.628 [info] > git config --get commit.template [66ms]
2025-03-10 14:32:51.702 [info] > git config --get --local branch.main.vscode-merge-base [85ms]
2025-03-10 14:32:51.772 [info] > git for-each-ref --format=%(refname)%00%(upstream:short)%00%(objectname)%00%(upstream:track)%00%(upstream:remotename)%00%(upstream:remoteref) refs/heads/origin/main refs/remotes/origin/main [40ms]
2025-03-10 14:32:51.803 [info] > git rev-parse --show-toplevel [118ms]
2025-03-10 14:32:51.832 [info] > git merge-base refs/heads/main refs/remotes/origin/main [30ms]
2025-03-10 14:32:51.860 [info] > git for-each-ref --format=%(refname)%00%(upstream:short)%00%(objectname)%00%(upstream:track)%00%(upstream:remotename)%00%(upstream:remoteref) refs/heads/main refs/remotes/main [91ms]
2025-03-10 14:32:51.905 [warning] [Git][revParse] Unable to read file: ENOENT: no such file or directory, open '/home/arnold/.config/nvim/.git/refs/remotes/origin/main'
2025-03-10 14:32:51.906 [info] > git diff --name-status -z --diff-filter=ADMR 803bc181d7c0d6d5eeba9274d9be49b287294d99...refs/remotes/origin/main [46ms]
2025-03-10 14:32:51.910 [info] > git rev-parse --show-toplevel [79ms]
2025-03-10 14:32:51.925 [info] > git rev-parse refs/remotes/origin/main [20ms]
2025-03-10 14:32:51.956 [info] > git status -z -uall [20ms]
2025-03-10 14:32:51.957 [info] > git rev-parse --show-toplevel [34ms]
2025-03-10 14:32:51.958 [info] > git for-each-ref --sort -committerdate --format %(refname) %(objectname) %(*objectname) [8ms]
2025-03-10 14:32:51.984 [info] > git rev-parse --show-toplevel [3ms]
2025-03-10 14:32:52.001 [info] > git rev-parse --show-toplevel [5ms]
2025-03-10 14:32:52.017 [info] > git rev-parse --show-toplevel [3ms]
2025-03-10 14:32:52.025 [info] [Model][doInitialScan] Initial repository scan completed - repositories (2), closed repositories (0), parent repositories (0), unsafe repositories (0)
2025-03-10 14:32:52.162 [info] > git check-ignore -v -z --stdin [12ms]
2025-03-10 14:32:56.623 [info] [Git][getRemotes] No remotes found in the git config file
2025-03-10 14:32:56.626 [info] > git for-each-ref --format=%(refname)%00%(upstream:short)%00%(objectname)%00%(upstream:track)%00%(upstream:remotename)%00%(upstream:remoteref) refs/heads/master refs/remotes/master [4ms]
2025-03-10 14:32:56.626 [warning] [Git][getBranch] No such branch: master
2025-03-10 14:32:56.626 [info] > git config --get commit.template [23ms]
2025-03-10 14:32:56.663 [info] > git status -z -uall [24ms]
2025-03-10 14:32:56.665 [info] > git for-each-ref --sort -committerdate --format %(refname) %(objectname) %(*objectname) [4ms]
2025-03-10 14:33:01.776 [info] [Git][getRemotes] No remotes found in the git config file
2025-03-10 14:33:01.779 [info] > git for-each-ref --format=%(refname)%00%(upstream:short)%00%(objectname)%00%(upstream:track)%00%(upstream:remotename)%00%(upstream:remoteref) refs/heads/master refs/remotes/master [4ms]
2025-03-10 14:33:01.780 [warning] [Git][getBranch] No such branch: master
2025-03-10 14:33:01.780 [info] > git config --get commit.template [26ms]
2025-03-10 14:33:01.818 [info] > git status -z -uall [18ms]
2025-03-10 14:33:01.824 [info] > git for-each-ref --sort -committerdate --format %(refname) %(objectname) %(*objectname) [11ms]
2025-03-10 14:33:06.875 [info] [Git][getRemotes] No remotes found in the git config file
2025-03-10 14:33:06.876 [info] > git config --get commit.template [16ms]
2025-03-10 14:33:06.878 [info] > git for-each-ref --format=%(refname)%00%(upstream:short)%00%(objectname)%00%(upstream:track)%00%(upstream:remotename)%00%(upstream:remoteref) refs/heads/master refs/remotes/master [4ms]
2025-03-10 14:33:06.878 [warning] [Git][getBranch] No such branch: master
2025-03-10 14:33:06.924 [info] > git status -z -uall [33ms]
2025-03-10 14:33:06.924 [info] > git for-each-ref --sort -committerdate --format %(refname) %(objectname) %(*objectname) [8ms]
2025-03-10 14:33:12.008 [info] [Git][getRemotes] No remotes found in the git config file
2025-03-10 14:33:12.009 [info] > git config --get commit.template [17ms]
2025-03-10 14:33:12.011 [info] > git for-each-ref --format=%(refname)%00%(upstream:short)%00%(objectname)%00%(upstream:track)%00%(upstream:remotename)%00%(upstream:remoteref) refs/heads/master refs/remotes/master [5ms]
2025-03-10 14:33:12.011 [warning] [Git][getBranch] No such branch: master
2025-03-10 14:33:12.041 [info] > git status -z -uall [18ms]
2025-03-10 14:33:12.050 [info] > git for-each-ref --sort -committerdate --format %(refname) %(objectname) %(*objectname) [10ms]
2025-03-10 14:33:17.095 [info] > git config --get commit.template [2ms]
2025-03-10 14:33:17.109 [info] [Git][getRemotes] No remotes found in the git config file
2025-03-10 14:33:17.114 [info] > git for-each-ref --format=%(refname)%00%(upstream:short)%00%(objectname)%00%(upstream:track)%00%(upstream:remotename)%00%(upstream:remoteref) refs/heads/master refs/remotes/master [5ms]
2025-03-10 14:33:17.114 [warning] [Git][getBranch] No such branch: master
2025-03-10 14:33:17.152 [info] > git status -z -uall [25ms]
2025-03-10 14:33:17.162 [info] > git for-each-ref --sort -committerdate --format %(refname) %(objectname) %(*objectname) [14ms]
2025-03-10 14:33:22.206 [info] > git config --get commit.template [3ms]
2025-03-10 14:33:22.220 [info] [Git][getRemotes] No remotes found in the git config file
2025-03-10 14:33:22.223 [info] > git for-each-ref --format=%(refname)%00%(upstream:short)%00%(objectname)%00%(upstream:track)%00%(upstream:remotename)%00%(upstream:remoteref) refs/heads/master refs/remotes/master [5ms]
2025-03-10 14:33:22.223 [warning] [Git][getBranch] No such branch: master
2025-03-10 14:33:22.246 [info] > git for-each-ref --sort -committerdate --format %(refname) %(objectname) %(*objectname) [1ms]
2025-03-10 14:33:22.249 [info] > git status -z -uall [16ms]
2025-03-10 14:33:27.312 [info] [Git][getRemotes] No remotes found in the git config file
2025-03-10 14:33:27.314 [info] > git config --get commit.template [15ms]
2025-03-10 14:33:27.314 [info] > git for-each-ref --format=%(refname)%00%(upstream:short)%00%(objectname)%00%(upstream:track)%00%(upstream:remotename)%00%(upstream:remoteref) refs/heads/master refs/remotes/master [2ms]
2025-03-10 14:33:27.314 [warning] [Git][getBranch] No such branch: master
2025-03-10 14:33:27.337 [info] > git status -z -uall [14ms]
2025-03-10 14:33:27.343 [info] > git for-each-ref --sort -committerdate --format %(refname) %(objectname) %(*objectname) [8ms]
2025-03-10 14:33:32.407 [info] [Git][getRemotes] No remotes found in the git config file
2025-03-10 14:33:32.408 [info] > git config --get commit.template [12ms]
2025-03-10 14:33:32.409 [info] > git for-each-ref --format=%(refname)%00%(upstream:short)%00%(objectname)%00%(upstream:track)%00%(upstream:remotename)%00%(upstream:remoteref) refs/heads/master refs/remotes/master [2ms]
2025-03-10 14:33:32.409 [warning] [Git][getBranch] No such branch: master
2025-03-10 14:33:32.432 [info] > git status -z -uall [13ms]
2025-03-10 14:33:32.436 [info] > git for-each-ref --sort -committerdate --format %(refname) %(objectname) %(*objectname) [6ms]
2025-03-10 14:33:37.487 [info] [Git][getRemotes] No remotes found in the git config file
2025-03-10 14:33:37.489 [info] > git config --get commit.template [15ms]
2025-03-10 14:33:37.490 [info] > git for-each-ref --format=%(refname)%00%(upstream:short)%00%(objectname)%00%(upstream:track)%00%(upstream:remotename)%00%(upstream:remoteref) refs/heads/master refs/remotes/master [3ms]
2025-03-10 14:33:37.490 [warning] [Git][getBranch] No such branch: master
2025-03-10 14:33:37.514 [info] > git status -z -uall [14ms]
2025-03-10 14:33:37.518 [info] > git for-each-ref --sort -committerdate --format %(refname) %(objectname) %(*objectname) [7ms]
2025-03-10 14:33:42.559 [info] [Git][getRemotes] No remotes found in the git config file
2025-03-10 14:33:42.561 [info] > git config --get commit.template [12ms]
2025-03-10 14:33:42.562 [info] > git for-each-ref --format=%(refname)%00%(upstream:short)%00%(objectname)%00%(upstream:track)%00%(upstream:remotename)%00%(upstream:remoteref) refs/heads/master refs/remotes/master [4ms]
2025-03-10 14:33:42.562 [warning] [Git][getBranch] No such branch: master
2025-03-10 14:33:42.586 [info] > git status -z -uall [15ms]
2025-03-10 14:33:42.592 [info] > git for-each-ref --sort -committerdate --format %(refname) %(objectname) %(*objectname) [9ms]
2025-03-10 14:33:47.645 [info] [Git][getRemotes] No remotes found in the git config file
2025-03-10 14:33:47.649 [info] > git config --get commit.template [19ms]
2025-03-10 14:33:47.650 [info] > git for-each-ref --format=%(refname)%00%(upstream:short)%00%(objectname)%00%(upstream:track)%00%(upstream:remotename)%00%(upstream:remoteref) refs/heads/master refs/remotes/master [6ms]
2025-03-10 14:33:47.650 [warning] [Git][getBranch] No such branch: master
2025-03-10 14:33:47.693 [info] > git status -z -uall [33ms]
2025-03-10 14:33:47.693 [info] > git for-each-ref --sort -committerdate --format %(refname) %(objectname) %(*objectname) [5ms]
2025-03-10 14:33:52.729 [info] > git config --get commit.template [3ms]
2025-03-10 14:33:52.738 [info] [Git][getRemotes] No remotes found in the git config file
2025-03-10 14:33:52.747 [info] > git for-each-ref --format=%(refname)%00%(upstream:short)%00%(objectname)%00%(upstream:track)%00%(upstream:remotename)%00%(upstream:remoteref) refs/heads/master refs/remotes/master [10ms]
2025-03-10 14:33:52.747 [warning] [Git][getBranch] No such branch: master
2025-03-10 14:33:52.771 [info] > git status -z -uall [13ms]
2025-03-10 14:33:52.778 [info] > git for-each-ref --sort -committerdate --format %(refname) %(objectname) %(*objectname) [7ms]
2025-03-10 14:33:57.831 [info] [Git][getRemotes] No remotes found in the git config file
2025-03-10 14:33:57.832 [info] > git config --get commit.template [12ms]
2025-03-10 14:33:57.833 [info] > git for-each-ref --format=%(refname)%00%(upstream:short)%00%(objectname)%00%(upstream:track)%00%(upstream:remotename)%00%(upstream:remoteref) refs/heads/master refs/remotes/master [2ms]
2025-03-10 14:33:57.833 [warning] [Git][getBranch] No such branch: master
2025-03-10 14:33:57.860 [info] > git status -z -uall [17ms]
2025-03-10 14:33:57.860 [info] > git for-each-ref --sort -committerdate --format %(refname) %(objectname) %(*objectname) [5ms]
2025-03-10 14:34:02.896 [info] > git config --get commit.template [2ms]
2025-03-10 14:34:02.908 [info] [Git][getRemotes] No remotes found in the git config file
2025-03-10 14:34:02.910 [info] > git for-each-ref --format=%(refname)%00%(upstream:short)%00%(objectname)%00%(upstream:track)%00%(upstream:remotename)%00%(upstream:remoteref) refs/heads/master refs/remotes/master [2ms]
2025-03-10 14:34:02.910 [warning] [Git][getBranch] No such branch: master
2025-03-10 14:34:02.932 [info] > git status -z -uall [13ms]
2025-03-10 14:34:02.940 [info] > git for-each-ref --sort -committerdate --format %(refname) %(objectname) %(*objectname) [9ms]
2025-03-10 14:34:08.008 [info] [Git][getRemotes] No remotes found in the git config file
2025-03-10 14:34:08.011 [info] > git config --get commit.template [19ms]
2025-03-10 14:34:08.015 [info] > git for-each-ref --format=%(refname)%00%(upstream:short)%00%(objectname)%00%(upstream:track)%00%(upstream:remotename)%00%(upstream:remoteref) refs/heads/master refs/remotes/master [7ms]
2025-03-10 14:34:08.015 [warning] [Git][getBranch] No such branch: master
2025-03-10 14:34:08.042 [info] > git status -z -uall [16ms]
2025-03-10 14:34:08.048 [info] > git for-each-ref --sort -committerdate --format %(refname) %(objectname) %(*objectname) [10ms]
